[2025-12-11 06:53:36] local.INFO: Shiprocket Order Payload: {"order_id":"ORD-6939542F0156F","order_date":"2025-12-11 06:53:36","pickup_location":"work","billing_customer_name":"Rahul Take","billing_last_name":"","billing_address":"101, Demo Street","billing_city":"Pune","billing_state":"Maharashtra","billing_pincode":"411001","billing_country":"India","billing_email":"john@example.com","billing_phone":"9876543210","shipping_is_billing":true,"order_items":[{"name":"Premium Car Wash Kit test","sku":"CWK-001","units":6,"selling_price":"89.99"}],"payment_method":"Prepaid","sub_total":"539.94","length":10,"breadth":10,"height":10,"weight":0.4}  
[2025-12-11 06:53:36] local.INFO: Shiprocket Order Response: {"order_id":1078898648,"channel_order_id":"ORD-6939542F0156F","shipment_id":1075272246,"status":"NEW","status_code":1,"onboarding_completed_now":0,"awb_code":"","courier_company_id":"","courier_name":"","new_channel":false}  
[2025-12-11 06:56:23] local.INFO: Shiprocket Order Payload: {"order_id":"ORD-6939542F0156F","order_date":"2025-12-11 06:56:22","pickup_location":"work","billing_customer_name":"Rahul Take","billing_last_name":"","billing_address":"101, Demo Street","billing_city":"Pune","billing_state":"Maharashtra","billing_pincode":"411001","billing_country":"India","billing_email":"john@example.com","billing_phone":"9876543210","shipping_is_billing":true,"order_items":[{"name":"Premium Car Wash Kit test","sku":"CWK-001","units":6,"selling_price":"89.99"}],"payment_method":"Prepaid","sub_total":"539.94","length":10,"breadth":10,"height":10,"weight":0.4}  
[2025-12-11 06:56:23] local.INFO: Shiprocket Order Response: {"order_id":1078898648,"channel_order_id":"ORD-6939542F0156F","shipment_id":1075272246,"status":"NEW","status_code":1,"onboarding_completed_now":0,"awb_code":"","courier_company_id":"","courier_name":"","new_channel":false}  
[2025-12-11 06:58:17] local.INFO: Shiprocket Order Payload: {"order_id":"ORD-6939542F0156F","order_date":"2025-12-11 06:58:17","pickup_location":"work","billing_customer_name":"Rahul Take","billing_last_name":"","billing_address":"101, Demo Street","billing_city":"Pune","billing_state":"Maharashtra","billing_pincode":"411001","billing_country":"India","billing_email":"john@example.com","billing_phone":"9876543210","shipping_is_billing":true,"order_items":[{"name":"Premium Car Wash Kit test","sku":"CWK-001","units":6,"selling_price":"89.99"}],"payment_method":"Prepaid","sub_total":"539.94","length":10,"breadth":10,"height":10,"weight":0.4}  
[2025-12-11 06:58:17] local.INFO: Shiprocket Order Response: {"order_id":1078898648,"channel_order_id":"ORD-6939542F0156F","shipment_id":1075272246,"status":"NEW","status_code":1,"onboarding_completed_now":0,"awb_code":"","courier_company_id":"","courier_name":"","new_channel":false}  
[2025-12-11 07:23:13] local.INFO: Shiprocket Order Payload: {"order_id":"ORD-6939542F0156F","order_date":"2025-12-11 07:23:13","pickup_location":"work","billing_customer_name":"Rahul Take","billing_last_name":"","billing_address":"101, Demo Street","billing_city":"Pune","billing_state":"Maharashtra","billing_pincode":"411001","billing_country":"India","billing_email":"john@example.com","billing_phone":"9876543210","shipping_is_billing":true,"order_items":[{"name":"Premium Car Wash Kit test","sku":"CWK-001","units":6,"selling_price":"89.99"}],"payment_method":"Prepaid","sub_total":"539.94","length":10,"breadth":10,"height":10,"weight":0.4}  
[2025-12-11 07:23:13] local.INFO: Shiprocket Order Response: {"order_id":1078898648,"channel_order_id":"ORD-6939542F0156F","shipment_id":1075272246,"status":"NEW","status_code":1,"onboarding_completed_now":0,"awb_code":"","courier_company_id":"","courier_name":"","new_channel":false}  
[2025-12-11 08:56:37] local.ERROR: Razorpay order creation failed: The amount must be an integer.  
[2025-12-11 09:07:48] local.INFO: Shiprocket Order Payload: {"order_id":"ORD-693A895A3BABF","order_date":"2025-12-11 09:07:48","pickup_location":"work","billing_customer_name":"Digbijoy Sharma","billing_last_name":"","billing_address":"101, Demo Street","billing_city":"Guwahati","billing_state":"Assam","billing_pincode":"781035","billing_country":"India","billing_email":"john@example.com","billing_phone":"8877887788","shipping_is_billing":true,"order_items":[{"name":"Premium Car Wash Kit test","sku":"CWK-001","units":6,"selling_price":"89.99"}],"payment_method":"Prepaid","sub_total":"539.94","length":10,"breadth":10,"height":10,"weight":0.4}  
[2025-12-11 09:07:48] local.INFO: Shiprocket Order Response: {"order_id":1079155156,"channel_order_id":"ORD-693A895A3BABF","shipment_id":1075528728,"status":"NEW","status_code":1,"onboarding_completed_now":0,"awb_code":"","courier_company_id":"","courier_name":"","new_channel":false,"packaging_box_error":""}  
[2025-12-11 15:50:58] local.ERROR: Route [password.reset] not defined. {"userId":1,"exception":"[object] (Symfony\\Component\\Routing\\Exception\\RouteNotFoundException(code: 0): Route [password.reset] not defined. at /home/u391893744/domains/gitcsdemoserver.online/public_html/carcare/vendor/laravel/framework/src/Illuminate/Routing/UrlGenerator.php:526)
[stacktrace]
#0 /home/u391893744/domains/gitcsdemoserver.online/public_html/carcare/vendor/laravel/framework/src/Illuminate/Foundation/helpers.php(883): Illuminate\\Routing\\UrlGenerator->route()
#1 /home/u391893744/domains/gitcsdemoserver.online/public_html/carcare/vendor/laravel/framework/src/Illuminate/Auth/Notifications/ResetPassword.php(96): route()
#2 /home/u391893744/domains/gitcsdemoserver.online/public_html/carcare/vendor/laravel/framework/src/Illuminate/Auth/Notifications/ResetPassword.php(65): Illuminate\\Auth\\Notifications\\ResetPassword->resetUrl()
#3 /home/u391893744/domains/gitcsdemoserver.online/public_html/carcare/vendor/laravel/framework/src/Illuminate/Notifications/Channels/MailChannel.php(55): Illuminate\\Auth\\Notifications\\ResetPassword->toMail()
#4 /home/u391893744/domains/gitcsdemoserver.online/public_html/carcare/vendor/laravel/framework/src/Illuminate/Notifications/NotificationSender.php(159): Illuminate\\Notifications\\Channels\\MailChannel->send()
#5 /home/u391893744/domains/gitcsdemoserver.online/public_html/carcare/vendor/laravel/framework/src/Illuminate/Notifications/NotificationSender.php(116): Illuminate\\Notifications\\NotificationSender->sendToNotifiable()
#6 /home/u391893744/domains/gitcsdemoserver.online/public_html/carcare/vendor/laravel/framework/src/Illuminate/Support/Traits/Localizable.php(19): Illuminate\\Notifications\\NotificationSender->Illuminate\\Notifications\\{closure}()
#7 /home/u391893744/domains/gitcsdemoserver.online/public_html/carcare/vendor/laravel/framework/src/Illuminate/Notifications/NotificationSender.php(111): Illuminate\\Notifications\\NotificationSender->withLocale()
#8 /home/u391893744/domains/gitcsdemoserver.online/public_html/carcare/vendor/laravel/framework/src/Illuminate/Notifications/NotificationSender.php(89): Illuminate\\Notifications\\NotificationSender->sendNow()
#9 /home/u391893744/domains/gitcsdemoserver.online/public_html/carcare/vendor/laravel/framework/src/Illuminate/Notifications/ChannelManager.php(39): Illuminate\\Notifications\\NotificationSender->send()
#10 /home/u391893744/domains/gitcsdemoserver.online/public_html/carcare/vendor/laravel/framework/src/Illuminate/Notifications/RoutesNotifications.php(18): Illuminate\\Notifications\\ChannelManager->send()
#11 /home/u391893744/domains/gitcsdemoserver.online/public_html/carcare/vendor/laravel/framework/src/Illuminate/Auth/Passwords/CanResetPassword.php(27): App\\Models\\User->notify()
#12 /home/u391893744/domains/gitcsdemoserver.online/public_html/carcare/vendor/laravel/framework/src/Illuminate/Auth/Passwords/PasswordBroker.php(107): Illuminate\\Foundation\\Auth\\User->sendPasswordResetNotification()
#13 /home/u391893744/domains/gitcsdemoserver.online/public_html/carcare/vendor/laravel/framework/src/Illuminate/Support/Timebox.php(34): Illuminate\\Auth\\Passwords\\PasswordBroker->Illuminate\\Auth\\Passwords\\{closure}()
#14 /home/u391893744/domains/gitcsdemoserver.online/public_html/carcare/vendor/laravel/framework/src/Illuminate/Auth/Passwords/PasswordBroker.php(84): Illuminate\\Support\\Timebox->call()
#15 /home/u391893744/domains/gitcsdemoserver.online/public_html/carcare/vendor/laravel/framework/src/Illuminate/Auth/Passwords/PasswordBrokerManager.php(153): Illuminate\\Auth\\Passwords\\PasswordBroker->sendResetLink()
#16 /home/u391893744/domains/gitcsdemoserver.online/public_html/carcare/vendor/laravel/framework/src/Illuminate/Support/Facades/Facade.php(361): Illuminate\\Auth\\Passwords\\PasswordBrokerManager->__call()
#17 /home/u391893744/domains/gitcsdemoserver.online/public_html/carcare/app/Http/Controllers/Api/AuthController.php(156): Illuminate\\Support\\Facades\\Facade::__callStatic()
#18 /home/u391893744/domains/gitcsdemoserver.online/public_html/carcare/vendor/laravel/framework/src/Illuminate/Routing/ControllerDispatcher.php(46): App\\Http\\Controllers\\Api\\AuthController->forgotPassword()
#19 /home/u391893744/domains/gitcsdemoserver.online/public_html/carcare/vendor/laravel/framework/src/Illuminate/Routing/Route.php(265): Illuminate\\Routing\\ControllerDispatcher->dispatch()
#20 /home/u391893744/domains/gitcsdemoserver.online/public_html/carcare/vendor/laravel/framework/src/Illuminate/Routing/Route.php(211): Illuminate\\Routing\\Route->runController()
#21 /home/u391893744/domains/gitcsdemoserver.online/public_html/carcare/vendor/laravel/framework/src/Illuminate/Routing/Router.php(808): Illuminate\\Routing\\Route->run()
#22 /home/u391893744/domains/gitcsdemoserver.online/public_html/carcare/vendor/laravel/framework/src/Illuminate/Pipeline/Pipeline.php(169): Illuminate\\Routing\\Router->Illuminate\\Routing\\{closure}()
#23 /home/u391893744/domains/gitcsdemoserver.online/public_html/carcare/vendor/laravel/framework/src/Illuminate/Routing/Middleware/SubstituteBindings.php(50): Illuminate\\Pipeline\\Pipeline->Illuminate\\Pipeline\\{closure}()
#24 /home/u391893744/domains/gitcsdemoserver.online/public_html/carcare/vendor/laravel/framework/src/Illuminate/Pipeline/Pipeline.php(208): Illuminate\\Routing\\Middleware\\SubstituteBindings->handle()
#25 /home/u391893744/domains/gitcsdemoserver.online/public_html/carcare/vendor/laravel/framework/src/Illuminate/Auth/Middleware/Authenticate.php(63): Illuminate\\Pipeline\\Pipeline->Illuminate\\Pipeline\\{closure}()
#26 /home/u391893744/domains/gitcsdemoserver.online/public_html/carcare/vendor/laravel/framework/src/Illuminate/Pipeline/Pipeline.php(208): Illuminate\\Auth\\Middleware\\Authenticate->handle()
#27 /home/u391893744/domains/gitcsdemoserver.online/public_html/carcare/vendor/laravel/sanctum/src/Http/Middleware/EnsureFrontendRequestsAreStateful.php(26): Illuminate\\Pipeline\\Pipeline->Illuminate\\Pipeline\\{closure}()
#28 /home/u391893744/domains/gitcsdemoserver.online/public_html/carcare/vendor/laravel/framework/src/Illuminate/Pipeline/Pipeline.php(169): Laravel\\Sanctum\\Http\\Middleware\\EnsureFrontendRequestsAreStateful->Laravel\\Sanctum\\Http\\Middleware\\{closure}()
#29 /home/u391893744/domains/gitcsdemoserver.online/public_html/carcare/vendor/laravel/framework/src/Illuminate/Pipeline/Pipeline.php(126): Illuminate\\Pipeline\\Pipeline->Illuminate\\Pipeline\\{closure}()
#30 /home/u391893744/domains/gitcsdemoserver.online/public_html/carcare/vendor/laravel/sanctum/src/Http/Middleware/EnsureFrontendRequestsAreStateful.php(25): Illuminate\\Pipeline\\Pipeline->then()
#31 /home/u391893744/domains/gitcsdemoserver.online/public_html/carcare/vendor/laravel/framework/src/Illuminate/Pipeline/Pipeline.php(208): Laravel\\Sanctum\\Http\\Middleware\\EnsureFrontendRequestsAreStateful->handle()
#32 /home/u391893744/domains/gitcsdemoserver.online/public_html/carcare/vendor/laravel/framework/src/Illuminate/Pipeline/Pipeline.php(126): Illuminate\\Pipeline\\Pipeline->Illuminate\\Pipeline\\{closure}()
#33 /home/u391893744/domains/gitcsdemoserver.online/public_html/carcare/vendor/laravel/framework/src/Illuminate/Routing/Router.php(807): Illuminate\\Pipeline\\Pipeline->then()
#34 /home/u391893744/domains/gitcsdemoserver.online/public_html/carcare/vendor/laravel/framework/src/Illuminate/Routing/Router.php(786): Illuminate\\Routing\\Router->runRouteWithinStack()
#35 /home/u391893744/domains/gitcsdemoserver.online/public_html/carcare/vendor/laravel/framework/src/Illuminate/Routing/Router.php(750): Illuminate\\Routing\\Router->runRoute()
#36 /home/u391893744/domains/gitcsdemoserver.online/public_html/carcare/vendor/laravel/framework/src/Illuminate/Routing/Router.php(739): Illuminate\\Routing\\Router->dispatchToRoute()
#37 /home/u391893744/domains/gitcsdemoserver.online/public_html/carcare/vendor/laravel/framework/src/Illuminate/Foundation/Http/Kernel.php(200): Illuminate\\Routing\\Router->dispatch()
#38 /home/u391893744/domains/gitcsdemoserver.online/public_html/carcare/vendor/laravel/framework/src/Illuminate/Pipeline/Pipeline.php(169): Illuminate\\Foundation\\Http\\Kernel->Illuminate\\Foundation\\Http\\{closure}()
#39 /home/u391893744/domains/gitcsdemoserver.online/public_html/carcare/app/Http/Middleware/Cors.php(21): Illuminate\\Pipeline\\Pipeline->Illuminate\\Pipeline\\{closure}()
#40 /home/u391893744/domains/gitcsdemoserver.online/public_html/carcare/vendor/laravel/framework/src/Illuminate/Pipeline/Pipeline.php(208): App\\Http\\Middleware\\Cors->handle()
#41 /home/u391893744/domains/gitcsdemoserver.online/public_html/carcare/vendor/laravel/framework/src/Illuminate/Foundation/Http/Middleware/TransformsRequest.php(21): Illuminate\\Pipeline\\Pipeline->Illuminate\\Pipeline\\{closure}()
#42 /home/u391893744/domains/gitcsdemoserver.online/public_html/carcare/vendor/laravel/framework/src/Illuminate/Foundation/Http/Middleware/ConvertEmptyStringsToNull.php(31): Illuminate\\Foundation\\Http\\Middleware\\TransformsRequest->handle()
#43 /home/u391893744/domains/gitcsdemoserver.online/public_html/carcare/vendor/laravel/framework/src/Illuminate/Pipeline/Pipeline.php(208): Illuminate\\Foundation\\Http\\Middleware\\ConvertEmptyStringsToNull->handle()
#44 /home/u391893744/domains/gitcsdemoserver.online/public_html/carcare/vendor/laravel/framework/src/Illuminate/Foundation/Http/Middleware/TransformsRequest.php(21): Illuminate\\Pipeline\\Pipeline->Illuminate\\Pipeline\\{closure}()
#45 /home/u391893744/domains/gitcsdemoserver.online/public_html/carcare/vendor/laravel/framework/src/Illuminate/Foundation/Http/Middleware/TrimStrings.php(51): Illuminate\\Foundation\\Http\\Middleware\\TransformsRequest->handle()
#46 /home/u391893744/domains/gitcsdemoserver.online/public_html/carcare/vendor/laravel/framework/src/Illuminate/Pipeline/Pipeline.php(208): Illuminate\\Foundation\\Http\\Middleware\\TrimStrings->handle()
#47 /home/u391893744/domains/gitcsdemoserver.online/public_html/carcare/vendor/laravel/framework/src/Illuminate/Http/Middleware/ValidatePostSize.php(27): Illuminate\\Pipeline\\Pipeline->Illuminate\\Pipeline\\{closure}()
#48 /home/u391893744/domains/gitcsdemoserver.online/public_html/carcare/vendor/laravel/framework/src/Illuminate/Pipeline/Pipeline.php(208): Illuminate\\Http\\Middleware\\ValidatePostSize->handle()
#49 /home/u391893744/domains/gitcsdemoserver.online/public_html/carcare/vendor/laravel/framework/src/Illuminate/Foundation/Http/Middleware/PreventRequestsDuringMaintenance.php(109): Illuminate\\Pipeline\\Pipeline->Illuminate\\Pipeline\\{closure}()
#50 /home/u391893744/domains/gitcsdemoserver.online/public_html/carcare/vendor/laravel/framework/src/Illuminate/Pipeline/Pipeline.php(208): Illuminate\\Foundation\\Http\\Middleware\\PreventRequestsDuringMaintenance->handle()
#51 /home/u391893744/domains/gitcsdemoserver.online/public_html/carcare/vendor/laravel/framework/src/Illuminate/Http/Middleware/HandleCors.php(61): Illuminate\\Pipeline\\Pipeline->Illuminate\\Pipeline\\{closure}()
#52 /home/u391893744/domains/gitcsdemoserver.online/public_html/carcare/vendor/laravel/framework/src/Illuminate/Pipeline/Pipeline.php(208): Illuminate\\Http\\Middleware\\HandleCors->handle()
#53 /home/u391893744/domains/gitcsdemoserver.online/public_html/carcare/vendor/laravel/framework/src/Illuminate/Http/Middleware/TrustProxies.php(58): Illuminate\\Pipeline\\Pipeline->Illuminate\\Pipeline\\{closure}()
#54 /home/u391893744/domains/gitcsdemoserver.online/public_html/carcare/vendor/laravel/framework/src/Illuminate/Pipeline/Pipeline.php(208): Illuminate\\Http\\Middleware\\TrustProxies->handle()
#55 /home/u391893744/domains/gitcsdemoserver.online/public_html/carcare/vendor/laravel/framework/src/Illuminate/Foundation/Http/Middleware/InvokeDeferredCallbacks.php(22): Illuminate\\Pipeline\\Pipeline->Illuminate\\Pipeline\\{closure}()
#56 /home/u391893744/domains/gitcsdemoserver.online/public_html/carcare/vendor/laravel/framework/src/Illuminate/Pipeline/Pipeline.php(208): Illuminate\\Foundation\\Http\\Middleware\\InvokeDeferredCallbacks->handle()
#57 /home/u391893744/domains/gitcsdemoserver.online/public_html/carcare/vendor/laravel/framework/src/Illuminate/Http/Middleware/ValidatePathEncoding.php(26): Illuminate\\Pipeline\\Pipeline->Illuminate\\Pipeline\\{closure}()
#58 /home/u391893744/domains/gitcsdemoserver.online/public_html/carcare/vendor/laravel/framework/src/Illuminate/Pipeline/Pipeline.php(208): Illuminate\\Http\\Middleware\\ValidatePathEncoding->handle()
#59 /home/u391893744/domains/gitcsdemoserver.online/public_html/carcare/vendor/laravel/framework/src/Illuminate/Pipeline/Pipeline.php(126): Illuminate\\Pipeline\\Pipeline->Illuminate\\Pipeline\\{closure}()
#60 /home/u391893744/domains/gitcsdemoserver.online/public_html/carcare/vendor/laravel/framework/src/Illuminate/Foundation/Http/Kernel.php(175): Illuminate\\Pipeline\\Pipeline->then()
#61 /home/u391893744/domains/gitcsdemoserver.online/public_html/carcare/vendor/laravel/framework/src/Illuminate/Foundation/Http/Kernel.php(144): Illuminate\\Foundation\\Http\\Kernel->sendRequestThroughRouter()
#62 /home/u391893744/domains/gitcsdemoserver.online/public_html/carcare/vendor/laravel/framework/src/Illuminate/Foundation/Application.php(1219): Illuminate\\Foundation\\Http\\Kernel->handle()
#63 /home/u391893744/domains/gitcsdemoserver.online/public_html/carcare/public/index.php(20): Illuminate\\Foundation\\Application->handleRequest()
#64 {main}
"} 
[2025-12-11 15:54:09] local.ERROR: Route [password.reset] not defined. {"userId":1,"exception":"[object] (Symfony\\Component\\Routing\\Exception\\RouteNotFoundException(code: 0): Route [password.reset] not defined. at /home/u391893744/domains/gitcsdemoserver.online/public_html/carcare/vendor/laravel/framework/src/Illuminate/Routing/UrlGenerator.php:526)
[stacktrace]
#0 /home/u391893744/domains/gitcsdemoserver.online/public_html/carcare/vendor/laravel/framework/src/Illuminate/Foundation/helpers.php(883): Illuminate\\Routing\\UrlGenerator->route()
#1 /home/u391893744/domains/gitcsdemoserver.online/public_html/carcare/vendor/laravel/framework/src/Illuminate/Auth/Notifications/ResetPassword.php(96): route()
#2 /home/u391893744/domains/gitcsdemoserver.online/public_html/carcare/vendor/laravel/framework/src/Illuminate/Auth/Notifications/ResetPassword.php(65): Illuminate\\Auth\\Notifications\\ResetPassword->resetUrl()
#3 /home/u391893744/domains/gitcsdemoserver.online/public_html/carcare/vendor/laravel/framework/src/Illuminate/Notifications/Channels/MailChannel.php(55): Illuminate\\Auth\\Notifications\\ResetPassword->toMail()
#4 /home/u391893744/domains/gitcsdemoserver.online/public_html/carcare/vendor/laravel/framework/src/Illuminate/Notifications/NotificationSender.php(159): Illuminate\\Notifications\\Channels\\MailChannel->send()
#5 /home/u391893744/domains/gitcsdemoserver.online/public_html/carcare/vendor/laravel/framework/src/Illuminate/Notifications/NotificationSender.php(116): Illuminate\\Notifications\\NotificationSender->sendToNotifiable()
#6 /home/u391893744/domains/gitcsdemoserver.online/public_html/carcare/vendor/laravel/framework/src/Illuminate/Support/Traits/Localizable.php(19): Illuminate\\Notifications\\NotificationSender->Illuminate\\Notifications\\{closure}()
#7 /home/u391893744/domains/gitcsdemoserver.online/public_html/carcare/vendor/laravel/framework/src/Illuminate/Notifications/NotificationSender.php(111): Illuminate\\Notifications\\NotificationSender->withLocale()
#8 /home/u391893744/domains/gitcsdemoserver.online/public_html/carcare/vendor/laravel/framework/src/Illuminate/Notifications/NotificationSender.php(89): Illuminate\\Notifications\\NotificationSender->sendNow()
#9 /home/u391893744/domains/gitcsdemoserver.online/public_html/carcare/vendor/laravel/framework/src/Illuminate/Notifications/ChannelManager.php(39): Illuminate\\Notifications\\NotificationSender->send()
#10 /home/u391893744/domains/gitcsdemoserver.online/public_html/carcare/vendor/laravel/framework/src/Illuminate/Notifications/RoutesNotifications.php(18): Illuminate\\Notifications\\ChannelManager->send()
#11 /home/u391893744/domains/gitcsdemoserver.online/public_html/carcare/vendor/laravel/framework/src/Illuminate/Auth/Passwords/CanResetPassword.php(27): App\\Models\\User->notify()
#12 /home/u391893744/domains/gitcsdemoserver.online/public_html/carcare/vendor/laravel/framework/src/Illuminate/Auth/Passwords/PasswordBroker.php(107): Illuminate\\Foundation\\Auth\\User->sendPasswordResetNotification()
#13 /home/u391893744/domains/gitcsdemoserver.online/public_html/carcare/vendor/laravel/framework/src/Illuminate/Support/Timebox.php(34): Illuminate\\Auth\\Passwords\\PasswordBroker->Illuminate\\Auth\\Passwords\\{closure}()
#14 /home/u391893744/domains/gitcsdemoserver.online/public_html/carcare/vendor/laravel/framework/src/Illuminate/Auth/Passwords/PasswordBroker.php(84): Illuminate\\Support\\Timebox->call()
#15 /home/u391893744/domains/gitcsdemoserver.online/public_html/carcare/vendor/laravel/framework/src/Illuminate/Auth/Passwords/PasswordBrokerManager.php(153): Illuminate\\Auth\\Passwords\\PasswordBroker->sendResetLink()
#16 /home/u391893744/domains/gitcsdemoserver.online/public_html/carcare/vendor/laravel/framework/src/Illuminate/Support/Facades/Facade.php(361): Illuminate\\Auth\\Passwords\\PasswordBrokerManager->__call()
#17 /home/u391893744/domains/gitcsdemoserver.online/public_html/carcare/app/Http/Controllers/Api/AuthController.php(156): Illuminate\\Support\\Facades\\Facade::__callStatic()
#18 /home/u391893744/domains/gitcsdemoserver.online/public_html/carcare/vendor/laravel/framework/src/Illuminate/Routing/ControllerDispatcher.php(46): App\\Http\\Controllers\\Api\\AuthController->forgotPassword()
#19 /home/u391893744/domains/gitcsdemoserver.online/public_html/carcare/vendor/laravel/framework/src/Illuminate/Routing/Route.php(265): Illuminate\\Routing\\ControllerDispatcher->dispatch()
#20 /home/u391893744/domains/gitcsdemoserver.online/public_html/carcare/vendor/laravel/framework/src/Illuminate/Routing/Route.php(211): Illuminate\\Routing\\Route->runController()
#21 /home/u391893744/domains/gitcsdemoserver.online/public_html/carcare/vendor/laravel/framework/src/Illuminate/Routing/Router.php(808): Illuminate\\Routing\\Route->run()
#22 /home/u391893744/domains/gitcsdemoserver.online/public_html/carcare/vendor/laravel/framework/src/Illuminate/Pipeline/Pipeline.php(169): Illuminate\\Routing\\Router->Illuminate\\Routing\\{closure}()
#23 /home/u391893744/domains/gitcsdemoserver.online/public_html/carcare/vendor/laravel/framework/src/Illuminate/Routing/Middleware/SubstituteBindings.php(50): Illuminate\\Pipeline\\Pipeline->Illuminate\\Pipeline\\{closure}()
#24 /home/u391893744/domains/gitcsdemoserver.online/public_html/carcare/vendor/laravel/framework/src/Illuminate/Pipeline/Pipeline.php(208): Illuminate\\Routing\\Middleware\\SubstituteBindings->handle()
#25 /home/u391893744/domains/gitcsdemoserver.online/public_html/carcare/vendor/laravel/framework/src/Illuminate/Auth/Middleware/Authenticate.php(63): Illuminate\\Pipeline\\Pipeline->Illuminate\\Pipeline\\{closure}()
#26 /home/u391893744/domains/gitcsdemoserver.online/public_html/carcare/vendor/laravel/framework/src/Illuminate/Pipeline/Pipeline.php(208): Illuminate\\Auth\\Middleware\\Authenticate->handle()
#27 /home/u391893744/domains/gitcsdemoserver.online/public_html/carcare/vendor/laravel/sanctum/src/Http/Middleware/EnsureFrontendRequestsAreStateful.php(26): Illuminate\\Pipeline\\Pipeline->Illuminate\\Pipeline\\{closure}()
#28 /home/u391893744/domains/gitcsdemoserver.online/public_html/carcare/vendor/laravel/framework/src/Illuminate/Pipeline/Pipeline.php(169): Laravel\\Sanctum\\Http\\Middleware\\EnsureFrontendRequestsAreStateful->Laravel\\Sanctum\\Http\\Middleware\\{closure}()
#29 /home/u391893744/domains/gitcsdemoserver.online/public_html/carcare/vendor/laravel/framework/src/Illuminate/Pipeline/Pipeline.php(126): Illuminate\\Pipeline\\Pipeline->Illuminate\\Pipeline\\{closure}()
#30 /home/u391893744/domains/gitcsdemoserver.online/public_html/carcare/vendor/laravel/sanctum/src/Http/Middleware/EnsureFrontendRequestsAreStateful.php(25): Illuminate\\Pipeline\\Pipeline->then()
#31 /home/u391893744/domains/gitcsdemoserver.online/public_html/carcare/vendor/laravel/framework/src/Illuminate/Pipeline/Pipeline.php(208): Laravel\\Sanctum\\Http\\Middleware\\EnsureFrontendRequestsAreStateful->handle()
#32 /home/u391893744/domains/gitcsdemoserver.online/public_html/carcare/vendor/laravel/framework/src/Illuminate/Pipeline/Pipeline.php(126): Illuminate\\Pipeline\\Pipeline->Illuminate\\Pipeline\\{closure}()
#33 /home/u391893744/domains/gitcsdemoserver.online/public_html/carcare/vendor/laravel/framework/src/Illuminate/Routing/Router.php(807): Illuminate\\Pipeline\\Pipeline->then()
#34 /home/u391893744/domains/gitcsdemoserver.online/public_html/carcare/vendor/laravel/framework/src/Illuminate/Routing/Router.php(786): Illuminate\\Routing\\Router->runRouteWithinStack()
#35 /home/u391893744/domains/gitcsdemoserver.online/public_html/carcare/vendor/laravel/framework/src/Illuminate/Routing/Router.php(750): Illuminate\\Routing\\Router->runRoute()
#36 /home/u391893744/domains/gitcsdemoserver.online/public_html/carcare/vendor/laravel/framework/src/Illuminate/Routing/Router.php(739): Illuminate\\Routing\\Router->dispatchToRoute()
#37 /home/u391893744/domains/gitcsdemoserver.online/public_html/carcare/vendor/laravel/framework/src/Illuminate/Foundation/Http/Kernel.php(200): Illuminate\\Routing\\Router->dispatch()
#38 /home/u391893744/domains/gitcsdemoserver.online/public_html/carcare/vendor/laravel/framework/src/Illuminate/Pipeline/Pipeline.php(169): Illuminate\\Foundation\\Http\\Kernel->Illuminate\\Foundation\\Http\\{closure}()
#39 /home/u391893744/domains/gitcsdemoserver.online/public_html/carcare/app/Http/Middleware/Cors.php(21): Illuminate\\Pipeline\\Pipeline->Illuminate\\Pipeline\\{closure}()
#40 /home/u391893744/domains/gitcsdemoserver.online/public_html/carcare/vendor/laravel/framework/src/Illuminate/Pipeline/Pipeline.php(208): App\\Http\\Middleware\\Cors->handle()
#41 /home/u391893744/domains/gitcsdemoserver.online/public_html/carcare/vendor/laravel/framework/src/Illuminate/Foundation/Http/Middleware/TransformsRequest.php(21): Illuminate\\Pipeline\\Pipeline->Illuminate\\Pipeline\\{closure}()
#42 /home/u391893744/domains/gitcsdemoserver.online/public_html/carcare/vendor/laravel/framework/src/Illuminate/Foundation/Http/Middleware/ConvertEmptyStringsToNull.php(31): Illuminate\\Foundation\\Http\\Middleware\\TransformsRequest->handle()
#43 /home/u391893744/domains/gitcsdemoserver.online/public_html/carcare/vendor/laravel/framework/src/Illuminate/Pipeline/Pipeline.php(208): Illuminate\\Foundation\\Http\\Middleware\\ConvertEmptyStringsToNull->handle()
#44 /home/u391893744/domains/gitcsdemoserver.online/public_html/carcare/vendor/laravel/framework/src/Illuminate/Foundation/Http/Middleware/TransformsRequest.php(21): Illuminate\\Pipeline\\Pipeline->Illuminate\\Pipeline\\{closure}()
#45 /home/u391893744/domains/gitcsdemoserver.online/public_html/carcare/vendor/laravel/framework/src/Illuminate/Foundation/Http/Middleware/TrimStrings.php(51): Illuminate\\Foundation\\Http\\Middleware\\TransformsRequest->handle()
#46 /home/u391893744/domains/gitcsdemoserver.online/public_html/carcare/vendor/laravel/framework/src/Illuminate/Pipeline/Pipeline.php(208): Illuminate\\Foundation\\Http\\Middleware\\TrimStrings->handle()
#47 /home/u391893744/domains/gitcsdemoserver.online/public_html/carcare/vendor/laravel/framework/src/Illuminate/Http/Middleware/ValidatePostSize.php(27): Illuminate\\Pipeline\\Pipeline->Illuminate\\Pipeline\\{closure}()
#48 /home/u391893744/domains/gitcsdemoserver.online/public_html/carcare/vendor/laravel/framework/src/Illuminate/Pipeline/Pipeline.php(208): Illuminate\\Http\\Middleware\\ValidatePostSize->handle()
#49 /home/u391893744/domains/gitcsdemoserver.online/public_html/carcare/vendor/laravel/framework/src/Illuminate/Foundation/Http/Middleware/PreventRequestsDuringMaintenance.php(109): Illuminate\\Pipeline\\Pipeline->Illuminate\\Pipeline\\{closure}()
#50 /home/u391893744/domains/gitcsdemoserver.online/public_html/carcare/vendor/laravel/framework/src/Illuminate/Pipeline/Pipeline.php(208): Illuminate\\Foundation\\Http\\Middleware\\PreventRequestsDuringMaintenance->handle()
#51 /home/u391893744/domains/gitcsdemoserver.online/public_html/carcare/vendor/laravel/framework/src/Illuminate/Http/Middleware/HandleCors.php(61): Illuminate\\Pipeline\\Pipeline->Illuminate\\Pipeline\\{closure}()
#52 /home/u391893744/domains/gitcsdemoserver.online/public_html/carcare/vendor/laravel/framework/src/Illuminate/Pipeline/Pipeline.php(208): Illuminate\\Http\\Middleware\\HandleCors->handle()
#53 /home/u391893744/domains/gitcsdemoserver.online/public_html/carcare/vendor/laravel/framework/src/Illuminate/Http/Middleware/TrustProxies.php(58): Illuminate\\Pipeline\\Pipeline->Illuminate\\Pipeline\\{closure}()
#54 /home/u391893744/domains/gitcsdemoserver.online/public_html/carcare/vendor/laravel/framework/src/Illuminate/Pipeline/Pipeline.php(208): Illuminate\\Http\\Middleware\\TrustProxies->handle()
#55 /home/u391893744/domains/gitcsdemoserver.online/public_html/carcare/vendor/laravel/framework/src/Illuminate/Foundation/Http/Middleware/InvokeDeferredCallbacks.php(22): Illuminate\\Pipeline\\Pipeline->Illuminate\\Pipeline\\{closure}()
#56 /home/u391893744/domains/gitcsdemoserver.online/public_html/carcare/vendor/laravel/framework/src/Illuminate/Pipeline/Pipeline.php(208): Illuminate\\Foundation\\Http\\Middleware\\InvokeDeferredCallbacks->handle()
#57 /home/u391893744/domains/gitcsdemoserver.online/public_html/carcare/vendor/laravel/framework/src/Illuminate/Http/Middleware/ValidatePathEncoding.php(26): Illuminate\\Pipeline\\Pipeline->Illuminate\\Pipeline\\{closure}()
#58 /home/u391893744/domains/gitcsdemoserver.online/public_html/carcare/vendor/laravel/framework/src/Illuminate/Pipeline/Pipeline.php(208): Illuminate\\Http\\Middleware\\ValidatePathEncoding->handle()
#59 /home/u391893744/domains/gitcsdemoserver.online/public_html/carcare/vendor/laravel/framework/src/Illuminate/Pipeline/Pipeline.php(126): Illuminate\\Pipeline\\Pipeline->Illuminate\\Pipeline\\{closure}()
#60 /home/u391893744/domains/gitcsdemoserver.online/public_html/carcare/vendor/laravel/framework/src/Illuminate/Foundation/Http/Kernel.php(175): Illuminate\\Pipeline\\Pipeline->then()
#61 /home/u391893744/domains/gitcsdemoserver.online/public_html/carcare/vendor/laravel/framework/src/Illuminate/Foundation/Http/Kernel.php(144): Illuminate\\Foundation\\Http\\Kernel->sendRequestThroughRouter()
#62 /home/u391893744/domains/gitcsdemoserver.online/public_html/carcare/vendor/laravel/framework/src/Illuminate/Foundation/Application.php(1219): Illuminate\\Foundation\\Http\\Kernel->handle()
#63 /home/u391893744/domains/gitcsdemoserver.online/public_html/carcare/public/index.php(20): Illuminate\\Foundation\\Application->handleRequest()
#64 {main}
"} 
[2025-12-11 15:54:51] local.ERROR: Route [password.reset] not defined. {"userId":1,"exception":"[object] (Symfony\\Component\\Routing\\Exception\\RouteNotFoundException(code: 0): Route [password.reset] not defined. at /home/u391893744/domains/gitcsdemoserver.online/public_html/carcare/vendor/laravel/framework/src/Illuminate/Routing/UrlGenerator.php:526)
[stacktrace]
#0 /home/u391893744/domains/gitcsdemoserver.online/public_html/carcare/vendor/laravel/framework/src/Illuminate/Foundation/helpers.php(883): Illuminate\\Routing\\UrlGenerator->route()
#1 /home/u391893744/domains/gitcsdemoserver.online/public_html/carcare/vendor/laravel/framework/src/Illuminate/Auth/Notifications/ResetPassword.php(96): route()
#2 /home/u391893744/domains/gitcsdemoserver.online/public_html/carcare/vendor/laravel/framework/src/Illuminate/Auth/Notifications/ResetPassword.php(65): Illuminate\\Auth\\Notifications\\ResetPassword->resetUrl()
#3 /home/u391893744/domains/gitcsdemoserver.online/public_html/carcare/vendor/laravel/framework/src/Illuminate/Notifications/Channels/MailChannel.php(55): Illuminate\\Auth\\Notifications\\ResetPassword->toMail()
#4 /home/u391893744/domains/gitcsdemoserver.online/public_html/carcare/vendor/laravel/framework/src/Illuminate/Notifications/NotificationSender.php(159): Illuminate\\Notifications\\Channels\\MailChannel->send()
#5 /home/u391893744/domains/gitcsdemoserver.online/public_html/carcare/vendor/laravel/framework/src/Illuminate/Notifications/NotificationSender.php(116): Illuminate\\Notifications\\NotificationSender->sendToNotifiable()
#6 /home/u391893744/domains/gitcsdemoserver.online/public_html/carcare/vendor/laravel/framework/src/Illuminate/Support/Traits/Localizable.php(19): Illuminate\\Notifications\\NotificationSender->Illuminate\\Notifications\\{closure}()
#7 /home/u391893744/domains/gitcsdemoserver.online/public_html/carcare/vendor/laravel/framework/src/Illuminate/Notifications/NotificationSender.php(111): Illuminate\\Notifications\\NotificationSender->withLocale()
#8 /home/u391893744/domains/gitcsdemoserver.online/public_html/carcare/vendor/laravel/framework/src/Illuminate/Notifications/NotificationSender.php(89): Illuminate\\Notifications\\NotificationSender->sendNow()
#9 /home/u391893744/domains/gitcsdemoserver.online/public_html/carcare/vendor/laravel/framework/src/Illuminate/Notifications/ChannelManager.php(39): Illuminate\\Notifications\\NotificationSender->send()
#10 /home/u391893744/domains/gitcsdemoserver.online/public_html/carcare/vendor/laravel/framework/src/Illuminate/Notifications/RoutesNotifications.php(18): Illuminate\\Notifications\\ChannelManager->send()
#11 /home/u391893744/domains/gitcsdemoserver.online/public_html/carcare/vendor/laravel/framework/src/Illuminate/Auth/Passwords/CanResetPassword.php(27): App\\Models\\User->notify()
#12 /home/u391893744/domains/gitcsdemoserver.online/public_html/carcare/vendor/laravel/framework/src/Illuminate/Auth/Passwords/PasswordBroker.php(107): Illuminate\\Foundation\\Auth\\User->sendPasswordResetNotification()
#13 /home/u391893744/domains/gitcsdemoserver.online/public_html/carcare/vendor/laravel/framework/src/Illuminate/Support/Timebox.php(34): Illuminate\\Auth\\Passwords\\PasswordBroker->Illuminate\\Auth\\Passwords\\{closure}()
#14 /home/u391893744/domains/gitcsdemoserver.online/public_html/carcare/vendor/laravel/framework/src/Illuminate/Auth/Passwords/PasswordBroker.php(84): Illuminate\\Support\\Timebox->call()
#15 /home/u391893744/domains/gitcsdemoserver.online/public_html/carcare/vendor/laravel/framework/src/Illuminate/Auth/Passwords/PasswordBrokerManager.php(153): Illuminate\\Auth\\Passwords\\PasswordBroker->sendResetLink()
#16 /home/u391893744/domains/gitcsdemoserver.online/public_html/carcare/vendor/laravel/framework/src/Illuminate/Support/Facades/Facade.php(361): Illuminate\\Auth\\Passwords\\PasswordBrokerManager->__call()
#17 /home/u391893744/domains/gitcsdemoserver.online/public_html/carcare/app/Http/Controllers/Api/AuthController.php(156): Illuminate\\Support\\Facades\\Facade::__callStatic()
#18 /home/u391893744/domains/gitcsdemoserver.online/public_html/carcare/vendor/laravel/framework/src/Illuminate/Routing/ControllerDispatcher.php(46): App\\Http\\Controllers\\Api\\AuthController->forgotPassword()
#19 /home/u391893744/domains/gitcsdemoserver.online/public_html/carcare/vendor/laravel/framework/src/Illuminate/Routing/Route.php(265): Illuminate\\Routing\\ControllerDispatcher->dispatch()
#20 /home/u391893744/domains/gitcsdemoserver.online/public_html/carcare/vendor/laravel/framework/src/Illuminate/Routing/Route.php(211): Illuminate\\Routing\\Route->runController()
#21 /home/u391893744/domains/gitcsdemoserver.online/public_html/carcare/vendor/laravel/framework/src/Illuminate/Routing/Router.php(808): Illuminate\\Routing\\Route->run()
#22 /home/u391893744/domains/gitcsdemoserver.online/public_html/carcare/vendor/laravel/framework/src/Illuminate/Pipeline/Pipeline.php(169): Illuminate\\Routing\\Router->Illuminate\\Routing\\{closure}()
#23 /home/u391893744/domains/gitcsdemoserver.online/public_html/carcare/vendor/laravel/framework/src/Illuminate/Routing/Middleware/SubstituteBindings.php(50): Illuminate\\Pipeline\\Pipeline->Illuminate\\Pipeline\\{closure}()
#24 /home/u391893744/domains/gitcsdemoserver.online/public_html/carcare/vendor/laravel/framework/src/Illuminate/Pipeline/Pipeline.php(208): Illuminate\\Routing\\Middleware\\SubstituteBindings->handle()
#25 /home/u391893744/domains/gitcsdemoserver.online/public_html/carcare/vendor/laravel/framework/src/Illuminate/Auth/Middleware/Authenticate.php(63): Illuminate\\Pipeline\\Pipeline->Illuminate\\Pipeline\\{closure}()
#26 /home/u391893744/domains/gitcsdemoserver.online/public_html/carcare/vendor/laravel/framework/src/Illuminate/Pipeline/Pipeline.php(208): Illuminate\\Auth\\Middleware\\Authenticate->handle()
#27 /home/u391893744/domains/gitcsdemoserver.online/public_html/carcare/vendor/laravel/sanctum/src/Http/Middleware/EnsureFrontendRequestsAreStateful.php(26): Illuminate\\Pipeline\\Pipeline->Illuminate\\Pipeline\\{closure}()
#28 /home/u391893744/domains/gitcsdemoserver.online/public_html/carcare/vendor/laravel/framework/src/Illuminate/Pipeline/Pipeline.php(169): Laravel\\Sanctum\\Http\\Middleware\\EnsureFrontendRequestsAreStateful->Laravel\\Sanctum\\Http\\Middleware\\{closure}()
#29 /home/u391893744/domains/gitcsdemoserver.online/public_html/carcare/vendor/laravel/framework/src/Illuminate/Pipeline/Pipeline.php(126): Illuminate\\Pipeline\\Pipeline->Illuminate\\Pipeline\\{closure}()
#30 /home/u391893744/domains/gitcsdemoserver.online/public_html/carcare/vendor/laravel/sanctum/src/Http/Middleware/EnsureFrontendRequestsAreStateful.php(25): Illuminate\\Pipeline\\Pipeline->then()
#31 /home/u391893744/domains/gitcsdemoserver.online/public_html/carcare/vendor/laravel/framework/src/Illuminate/Pipeline/Pipeline.php(208): Laravel\\Sanctum\\Http\\Middleware\\EnsureFrontendRequestsAreStateful->handle()
#32 /home/u391893744/domains/gitcsdemoserver.online/public_html/carcare/vendor/laravel/framework/src/Illuminate/Pipeline/Pipeline.php(126): Illuminate\\Pipeline\\Pipeline->Illuminate\\Pipeline\\{closure}()
#33 /home/u391893744/domains/gitcsdemoserver.online/public_html/carcare/vendor/laravel/framework/src/Illuminate/Routing/Router.php(807): Illuminate\\Pipeline\\Pipeline->then()
#34 /home/u391893744/domains/gitcsdemoserver.online/public_html/carcare/vendor/laravel/framework/src/Illuminate/Routing/Router.php(786): Illuminate\\Routing\\Router->runRouteWithinStack()
#35 /home/u391893744/domains/gitcsdemoserver.online/public_html/carcare/vendor/laravel/framework/src/Illuminate/Routing/Router.php(750): Illuminate\\Routing\\Router->runRoute()
#36 /home/u391893744/domains/gitcsdemoserver.online/public_html/carcare/vendor/laravel/framework/src/Illuminate/Routing/Router.php(739): Illuminate\\Routing\\Router->dispatchToRoute()
#37 /home/u391893744/domains/gitcsdemoserver.online/public_html/carcare/vendor/laravel/framework/src/Illuminate/Foundation/Http/Kernel.php(200): Illuminate\\Routing\\Router->dispatch()
#38 /home/u391893744/domains/gitcsdemoserver.online/public_html/carcare/vendor/laravel/framework/src/Illuminate/Pipeline/Pipeline.php(169): Illuminate\\Foundation\\Http\\Kernel->Illuminate\\Foundation\\Http\\{closure}()
#39 /home/u391893744/domains/gitcsdemoserver.online/public_html/carcare/app/Http/Middleware/Cors.php(21): Illuminate\\Pipeline\\Pipeline->Illuminate\\Pipeline\\{closure}()
#40 /home/u391893744/domains/gitcsdemoserver.online/public_html/carcare/vendor/laravel/framework/src/Illuminate/Pipeline/Pipeline.php(208): App\\Http\\Middleware\\Cors->handle()
#41 /home/u391893744/domains/gitcsdemoserver.online/public_html/carcare/vendor/laravel/framework/src/Illuminate/Foundation/Http/Middleware/TransformsRequest.php(21): Illuminate\\Pipeline\\Pipeline->Illuminate\\Pipeline\\{closure}()
#42 /home/u391893744/domains/gitcsdemoserver.online/public_html/carcare/vendor/laravel/framework/src/Illuminate/Foundation/Http/Middleware/ConvertEmptyStringsToNull.php(31): Illuminate\\Foundation\\Http\\Middleware\\TransformsRequest->handle()
#43 /home/u391893744/domains/gitcsdemoserver.online/public_html/carcare/vendor/laravel/framework/src/Illuminate/Pipeline/Pipeline.php(208): Illuminate\\Foundation\\Http\\Middleware\\ConvertEmptyStringsToNull->handle()
#44 /home/u391893744/domains/gitcsdemoserver.online/public_html/carcare/vendor/laravel/framework/src/Illuminate/Foundation/Http/Middleware/TransformsRequest.php(21): Illuminate\\Pipeline\\Pipeline->Illuminate\\Pipeline\\{closure}()
#45 /home/u391893744/domains/gitcsdemoserver.online/public_html/carcare/vendor/laravel/framework/src/Illuminate/Foundation/Http/Middleware/TrimStrings.php(51): Illuminate\\Foundation\\Http\\Middleware\\TransformsRequest->handle()
#46 /home/u391893744/domains/gitcsdemoserver.online/public_html/carcare/vendor/laravel/framework/src/Illuminate/Pipeline/Pipeline.php(208): Illuminate\\Foundation\\Http\\Middleware\\TrimStrings->handle()
#47 /home/u391893744/domains/gitcsdemoserver.online/public_html/carcare/vendor/laravel/framework/src/Illuminate/Http/Middleware/ValidatePostSize.php(27): Illuminate\\Pipeline\\Pipeline->Illuminate\\Pipeline\\{closure}()
#48 /home/u391893744/domains/gitcsdemoserver.online/public_html/carcare/vendor/laravel/framework/src/Illuminate/Pipeline/Pipeline.php(208): Illuminate\\Http\\Middleware\\ValidatePostSize->handle()
#49 /home/u391893744/domains/gitcsdemoserver.online/public_html/carcare/vendor/laravel/framework/src/Illuminate/Foundation/Http/Middleware/PreventRequestsDuringMaintenance.php(109): Illuminate\\Pipeline\\Pipeline->Illuminate\\Pipeline\\{closure}()
#50 /home/u391893744/domains/gitcsdemoserver.online/public_html/carcare/vendor/laravel/framework/src/Illuminate/Pipeline/Pipeline.php(208): Illuminate\\Foundation\\Http\\Middleware\\PreventRequestsDuringMaintenance->handle()
#51 /home/u391893744/domains/gitcsdemoserver.online/public_html/carcare/vendor/laravel/framework/src/Illuminate/Http/Middleware/HandleCors.php(61): Illuminate\\Pipeline\\Pipeline->Illuminate\\Pipeline\\{closure}()
#52 /home/u391893744/domains/gitcsdemoserver.online/public_html/carcare/vendor/laravel/framework/src/Illuminate/Pipeline/Pipeline.php(208): Illuminate\\Http\\Middleware\\HandleCors->handle()
#53 /home/u391893744/domains/gitcsdemoserver.online/public_html/carcare/vendor/laravel/framework/src/Illuminate/Http/Middleware/TrustProxies.php(58): Illuminate\\Pipeline\\Pipeline->Illuminate\\Pipeline\\{closure}()
#54 /home/u391893744/domains/gitcsdemoserver.online/public_html/carcare/vendor/laravel/framework/src/Illuminate/Pipeline/Pipeline.php(208): Illuminate\\Http\\Middleware\\TrustProxies->handle()
#55 /home/u391893744/domains/gitcsdemoserver.online/public_html/carcare/vendor/laravel/framework/src/Illuminate/Foundation/Http/Middleware/InvokeDeferredCallbacks.php(22): Illuminate\\Pipeline\\Pipeline->Illuminate\\Pipeline\\{closure}()
#56 /home/u391893744/domains/gitcsdemoserver.online/public_html/carcare/vendor/laravel/framework/src/Illuminate/Pipeline/Pipeline.php(208): Illuminate\\Foundation\\Http\\Middleware\\InvokeDeferredCallbacks->handle()
#57 /home/u391893744/domains/gitcsdemoserver.online/public_html/carcare/vendor/laravel/framework/src/Illuminate/Http/Middleware/ValidatePathEncoding.php(26): Illuminate\\Pipeline\\Pipeline->Illuminate\\Pipeline\\{closure}()
#58 /home/u391893744/domains/gitcsdemoserver.online/public_html/carcare/vendor/laravel/framework/src/Illuminate/Pipeline/Pipeline.php(208): Illuminate\\Http\\Middleware\\ValidatePathEncoding->handle()
#59 /home/u391893744/domains/gitcsdemoserver.online/public_html/carcare/vendor/laravel/framework/src/Illuminate/Pipeline/Pipeline.php(126): Illuminate\\Pipeline\\Pipeline->Illuminate\\Pipeline\\{closure}()
#60 /home/u391893744/domains/gitcsdemoserver.online/public_html/carcare/vendor/laravel/framework/src/Illuminate/Foundation/Http/Kernel.php(175): Illuminate\\Pipeline\\Pipeline->then()
#61 /home/u391893744/domains/gitcsdemoserver.online/public_html/carcare/vendor/laravel/framework/src/Illuminate/Foundation/Http/Kernel.php(144): Illuminate\\Foundation\\Http\\Kernel->sendRequestThroughRouter()
#62 /home/u391893744/domains/gitcsdemoserver.online/public_html/carcare/vendor/laravel/framework/src/Illuminate/Foundation/Application.php(1219): Illuminate\\Foundation\\Http\\Kernel->handle()
#63 /home/u391893744/domains/gitcsdemoserver.online/public_html/carcare/public/index.php(20): Illuminate\\Foundation\\Application->handleRequest()
#64 {main}
"} 
[2025-12-11 18:15:08] local.INFO: Shiprocket Order Payload: {"order_id":"ORD-693B09F9A2BB4","order_date":"2025-12-11 18:15:07","pickup_location":"work","billing_customer_name":"New user","billing_last_name":"","billing_address":"Test address","billing_city":"Bads","billing_state":"assa","billing_pincode":"122342","billing_country":"IN","billing_email":"newuser@gmail.com","billing_phone":"87897770909","shipping_is_billing":true,"order_items":[{"name":"Test product 2","sku":"123213","units":1,"selling_price":"111.00"}],"payment_method":"Prepaid","sub_total":"111.00","length":10,"breadth":10,"height":10,"weight":0.4}  
[2025-12-11 18:15:08] local.INFO: Shiprocket Order Response: {"message":"Oops! Invalid Data.","errors":{"billing_phone":["The billing phone must be 10 digits."]},"status_code":422}  
[2025-12-11 18:15:08] local.ERROR: Shiprocket DID NOT return order_id  
[2025-12-11 18:16:54] local.INFO: Shiprocket Order Payload: {"order_id":"ORD-693B0A7E19E0C","order_date":"2025-12-11 18:16:54","pickup_location":"work","billing_customer_name":"New user","billing_last_name":"","billing_address":"Test address","billing_city":"Bads","billing_state":"assa","billing_pincode":"122342","billing_country":"IN","billing_email":"newuser@gmail.com","billing_phone":"87897770909","shipping_is_billing":true,"order_items":[{"name":"Test product 2","sku":"123213","units":1,"selling_price":"111.00"}],"payment_method":"Prepaid","sub_total":"111.00","length":10,"breadth":10,"height":10,"weight":0.4}  
[2025-12-11 18:16:54] local.INFO: Shiprocket Order Response: {"message":"Oops! Invalid Data.","errors":{"billing_phone":["The billing phone must be 10 digits."]},"status_code":422}  
[2025-12-11 18:16:54] local.ERROR: Shiprocket DID NOT return order_id  
[2025-12-11 18:21:11] local.INFO: Shiprocket Order Payload: {"order_id":"ORD-693B0B5EC6E22","order_date":"2025-12-11 18:21:10","pickup_location":"work","billing_customer_name":"New user","billing_last_name":"","billing_address":"Test address","billing_city":"Bads","billing_state":"assa","billing_pincode":"122342","billing_country":"IN","billing_email":"newuser@gmail.com","billing_phone":"916001932077","shipping_is_billing":true,"order_items":[{"name":"Test product 2","sku":"123213","units":1,"selling_price":"111.00"}],"payment_method":"Prepaid","sub_total":"111.00","length":10,"breadth":10,"height":10,"weight":0.4}  
[2025-12-11 18:21:11] local.INFO: Shiprocket Order Response: {"order_id":1079864955,"channel_order_id":"ORD-693B0B5EC6E22","shipment_id":1076238445,"status":"NEW","status_code":1,"onboarding_completed_now":0,"awb_code":"","courier_company_id":"","courier_name":"","new_channel":false,"packaging_box_error":""}  
[2025-12-11 18:28:09] local.ERROR: Invalid signature passed {"userId":1,"exception":"[object] (Razorpay\\Api\\Errors\\SignatureVerificationError(code: 0): Invalid signature passed at /home/u391893744/domains/gitcsdemoserver.online/public_html/carcare/vendor/razorpay/razorpay/src/Utility.php:69)
[stacktrace]
#0 /home/u391893744/domains/gitcsdemoserver.online/public_html/carcare/vendor/razorpay/razorpay/src/Utility.php(45): Razorpay\\Api\\Utility->verifySignature()
#1 /home/u391893744/domains/gitcsdemoserver.online/public_html/carcare/app/Http/Controllers/Api/PaymentController.php(227): Razorpay\\Api\\Utility->verifyPaymentSignature()
#2 /home/u391893744/domains/gitcsdemoserver.online/public_html/carcare/vendor/laravel/framework/src/Illuminate/Routing/ControllerDispatcher.php(46): App\\Http\\Controllers\\Api\\PaymentController->verifyPayment()
#3 /home/u391893744/domains/gitcsdemoserver.online/public_html/carcare/vendor/laravel/framework/src/Illuminate/Routing/Route.php(265): Illuminate\\Routing\\ControllerDispatcher->dispatch()
#4 /home/u391893744/domains/gitcsdemoserver.online/public_html/carcare/vendor/laravel/framework/src/Illuminate/Routing/Route.php(211): Illuminate\\Routing\\Route->runController()
#5 /home/u391893744/domains/gitcsdemoserver.online/public_html/carcare/vendor/laravel/framework/src/Illuminate/Routing/Router.php(808): Illuminate\\Routing\\Route->run()
#6 /home/u391893744/domains/gitcsdemoserver.online/public_html/carcare/vendor/laravel/framework/src/Illuminate/Pipeline/Pipeline.php(169): Illuminate\\Routing\\Router->Illuminate\\Routing\\{closure}()
#7 /home/u391893744/domains/gitcsdemoserver.online/public_html/carcare/vendor/laravel/framework/src/Illuminate/Routing/Middleware/SubstituteBindings.php(50): Illuminate\\Pipeline\\Pipeline->Illuminate\\Pipeline\\{closure}()
#8 /home/u391893744/domains/gitcsdemoserver.online/public_html/carcare/vendor/laravel/framework/src/Illuminate/Pipeline/Pipeline.php(208): Illuminate\\Routing\\Middleware\\SubstituteBindings->handle()
#9 /home/u391893744/domains/gitcsdemoserver.online/public_html/carcare/vendor/laravel/framework/src/Illuminate/Auth/Middleware/Authenticate.php(63): Illuminate\\Pipeline\\Pipeline->Illuminate\\Pipeline\\{closure}()
#10 /home/u391893744/domains/gitcsdemoserver.online/public_html/carcare/vendor/laravel/framework/src/Illuminate/Pipeline/Pipeline.php(208): Illuminate\\Auth\\Middleware\\Authenticate->handle()
#11 /home/u391893744/domains/gitcsdemoserver.online/public_html/carcare/vendor/laravel/sanctum/src/Http/Middleware/EnsureFrontendRequestsAreStateful.php(26): Illuminate\\Pipeline\\Pipeline->Illuminate\\Pipeline\\{closure}()
#12 /home/u391893744/domains/gitcsdemoserver.online/public_html/carcare/vendor/laravel/framework/src/Illuminate/Pipeline/Pipeline.php(169): Laravel\\Sanctum\\Http\\Middleware\\EnsureFrontendRequestsAreStateful->Laravel\\Sanctum\\Http\\Middleware\\{closure}()
#13 /home/u391893744/domains/gitcsdemoserver.online/public_html/carcare/vendor/laravel/framework/src/Illuminate/Pipeline/Pipeline.php(126): Illuminate\\Pipeline\\Pipeline->Illuminate\\Pipeline\\{closure}()
#14 /home/u391893744/domains/gitcsdemoserver.online/public_html/carcare/vendor/laravel/sanctum/src/Http/Middleware/EnsureFrontendRequestsAreStateful.php(25): Illuminate\\Pipeline\\Pipeline->then()
#15 /home/u391893744/domains/gitcsdemoserver.online/public_html/carcare/vendor/laravel/framework/src/Illuminate/Pipeline/Pipeline.php(208): Laravel\\Sanctum\\Http\\Middleware\\EnsureFrontendRequestsAreStateful->handle()
#16 /home/u391893744/domains/gitcsdemoserver.online/public_html/carcare/vendor/laravel/framework/src/Illuminate/Pipeline/Pipeline.php(126): Illuminate\\Pipeline\\Pipeline->Illuminate\\Pipeline\\{closure}()
#17 /home/u391893744/domains/gitcsdemoserver.online/public_html/carcare/vendor/laravel/framework/src/Illuminate/Routing/Router.php(807): Illuminate\\Pipeline\\Pipeline->then()
#18 /home/u391893744/domains/gitcsdemoserver.online/public_html/carcare/vendor/laravel/framework/src/Illuminate/Routing/Router.php(786): Illuminate\\Routing\\Router->runRouteWithinStack()
#19 /home/u391893744/domains/gitcsdemoserver.online/public_html/carcare/vendor/laravel/framework/src/Illuminate/Routing/Router.php(750): Illuminate\\Routing\\Router->runRoute()
#20 /home/u391893744/domains/gitcsdemoserver.online/public_html/carcare/vendor/laravel/framework/src/Illuminate/Routing/Router.php(739): Illuminate\\Routing\\Router->dispatchToRoute()
#21 /home/u391893744/domains/gitcsdemoserver.online/public_html/carcare/vendor/laravel/framework/src/Illuminate/Foundation/Http/Kernel.php(200): Illuminate\\Routing\\Router->dispatch()
#22 /home/u391893744/domains/gitcsdemoserver.online/public_html/carcare/vendor/laravel/framework/src/Illuminate/Pipeline/Pipeline.php(169): Illuminate\\Foundation\\Http\\Kernel->Illuminate\\Foundation\\Http\\{closure}()
#23 /home/u391893744/domains/gitcsdemoserver.online/public_html/carcare/app/Http/Middleware/Cors.php(21): Illuminate\\Pipeline\\Pipeline->Illuminate\\Pipeline\\{closure}()
#24 /home/u391893744/domains/gitcsdemoserver.online/public_html/carcare/vendor/laravel/framework/src/Illuminate/Pipeline/Pipeline.php(208): App\\Http\\Middleware\\Cors->handle()
#25 /home/u391893744/domains/gitcsdemoserver.online/public_html/carcare/vendor/laravel/framework/src/Illuminate/Foundation/Http/Middleware/TransformsRequest.php(21): Illuminate\\Pipeline\\Pipeline->Illuminate\\Pipeline\\{closure}()
#26 /home/u391893744/domains/gitcsdemoserver.online/public_html/carcare/vendor/laravel/framework/src/Illuminate/Foundation/Http/Middleware/ConvertEmptyStringsToNull.php(31): Illuminate\\Foundation\\Http\\Middleware\\TransformsRequest->handle()
#27 /home/u391893744/domains/gitcsdemoserver.online/public_html/carcare/vendor/laravel/framework/src/Illuminate/Pipeline/Pipeline.php(208): Illuminate\\Foundation\\Http\\Middleware\\ConvertEmptyStringsToNull->handle()
#28 /home/u391893744/domains/gitcsdemoserver.online/public_html/carcare/vendor/laravel/framework/src/Illuminate/Foundation/Http/Middleware/TransformsRequest.php(21): Illuminate\\Pipeline\\Pipeline->Illuminate\\Pipeline\\{closure}()
#29 /home/u391893744/domains/gitcsdemoserver.online/public_html/carcare/vendor/laravel/framework/src/Illuminate/Foundation/Http/Middleware/TrimStrings.php(51): Illuminate\\Foundation\\Http\\Middleware\\TransformsRequest->handle()
#30 /home/u391893744/domains/gitcsdemoserver.online/public_html/carcare/vendor/laravel/framework/src/Illuminate/Pipeline/Pipeline.php(208): Illuminate\\Foundation\\Http\\Middleware\\TrimStrings->handle()
#31 /home/u391893744/domains/gitcsdemoserver.online/public_html/carcare/vendor/laravel/framework/src/Illuminate/Http/Middleware/ValidatePostSize.php(27): Illuminate\\Pipeline\\Pipeline->Illuminate\\Pipeline\\{closure}()
#32 /home/u391893744/domains/gitcsdemoserver.online/public_html/carcare/vendor/laravel/framework/src/Illuminate/Pipeline/Pipeline.php(208): Illuminate\\Http\\Middleware\\ValidatePostSize->handle()
#33 /home/u391893744/domains/gitcsdemoserver.online/public_html/carcare/vendor/laravel/framework/src/Illuminate/Foundation/Http/Middleware/PreventRequestsDuringMaintenance.php(109): Illuminate\\Pipeline\\Pipeline->Illuminate\\Pipeline\\{closure}()
#34 /home/u391893744/domains/gitcsdemoserver.online/public_html/carcare/vendor/laravel/framework/src/Illuminate/Pipeline/Pipeline.php(208): Illuminate\\Foundation\\Http\\Middleware\\PreventRequestsDuringMaintenance->handle()
#35 /home/u391893744/domains/gitcsdemoserver.online/public_html/carcare/vendor/laravel/framework/src/Illuminate/Http/Middleware/HandleCors.php(61): Illuminate\\Pipeline\\Pipeline->Illuminate\\Pipeline\\{closure}()
#36 /home/u391893744/domains/gitcsdemoserver.online/public_html/carcare/vendor/laravel/framework/src/Illuminate/Pipeline/Pipeline.php(208): Illuminate\\Http\\Middleware\\HandleCors->handle()
#37 /home/u391893744/domains/gitcsdemoserver.online/public_html/carcare/vendor/laravel/framework/src/Illuminate/Http/Middleware/TrustProxies.php(58): Illuminate\\Pipeline\\Pipeline->Illuminate\\Pipeline\\{closure}()
#38 /home/u391893744/domains/gitcsdemoserver.online/public_html/carcare/vendor/laravel/framework/src/Illuminate/Pipeline/Pipeline.php(208): Illuminate\\Http\\Middleware\\TrustProxies->handle()
#39 /home/u391893744/domains/gitcsdemoserver.online/public_html/carcare/vendor/laravel/framework/src/Illuminate/Foundation/Http/Middleware/InvokeDeferredCallbacks.php(22): Illuminate\\Pipeline\\Pipeline->Illuminate\\Pipeline\\{closure}()
#40 /home/u391893744/domains/gitcsdemoserver.online/public_html/carcare/vendor/laravel/framework/src/Illuminate/Pipeline/Pipeline.php(208): Illuminate\\Foundation\\Http\\Middleware\\InvokeDeferredCallbacks->handle()
#41 /home/u391893744/domains/gitcsdemoserver.online/public_html/carcare/vendor/laravel/framework/src/Illuminate/Http/Middleware/ValidatePathEncoding.php(26): Illuminate\\Pipeline\\Pipeline->Illuminate\\Pipeline\\{closure}()
#42 /home/u391893744/domains/gitcsdemoserver.online/public_html/carcare/vendor/laravel/framework/src/Illuminate/Pipeline/Pipeline.php(208): Illuminate\\Http\\Middleware\\ValidatePathEncoding->handle()
#43 /home/u391893744/domains/gitcsdemoserver.online/public_html/carcare/vendor/laravel/framework/src/Illuminate/Pipeline/Pipeline.php(126): Illuminate\\Pipeline\\Pipeline->Illuminate\\Pipeline\\{closure}()
#44 /home/u391893744/domains/gitcsdemoserver.online/public_html/carcare/vendor/laravel/framework/src/Illuminate/Foundation/Http/Kernel.php(175): Illuminate\\Pipeline\\Pipeline->then()
#45 /home/u391893744/domains/gitcsdemoserver.online/public_html/carcare/vendor/laravel/framework/src/Illuminate/Foundation/Http/Kernel.php(144): Illuminate\\Foundation\\Http\\Kernel->sendRequestThroughRouter()
#46 /home/u391893744/domains/gitcsdemoserver.online/public_html/carcare/vendor/laravel/framework/src/Illuminate/Foundation/Application.php(1219): Illuminate\\Foundation\\Http\\Kernel->handle()
#47 /home/u391893744/domains/gitcsdemoserver.online/public_html/carcare/public/index.php(20): Illuminate\\Foundation\\Application->handleRequest()
#48 {main}
"} 
[2025-12-12 05:58:31] local.ERROR: Invalid signature passed {"userId":1,"exception":"[object] (Razorpay\\Api\\Errors\\SignatureVerificationError(code: 0): Invalid signature passed at /home/u391893744/domains/gitcsdemoserver.online/public_html/carcare/vendor/razorpay/razorpay/src/Utility.php:69)
[stacktrace]
#0 /home/u391893744/domains/gitcsdemoserver.online/public_html/carcare/vendor/razorpay/razorpay/src/Utility.php(45): Razorpay\\Api\\Utility->verifySignature()
#1 /home/u391893744/domains/gitcsdemoserver.online/public_html/carcare/app/Http/Controllers/Api/PaymentController.php(227): Razorpay\\Api\\Utility->verifyPaymentSignature()
#2 /home/u391893744/domains/gitcsdemoserver.online/public_html/carcare/vendor/laravel/framework/src/Illuminate/Routing/ControllerDispatcher.php(46): App\\Http\\Controllers\\Api\\PaymentController->verifyPayment()
#3 /home/u391893744/domains/gitcsdemoserver.online/public_html/carcare/vendor/laravel/framework/src/Illuminate/Routing/Route.php(265): Illuminate\\Routing\\ControllerDispatcher->dispatch()
#4 /home/u391893744/domains/gitcsdemoserver.online/public_html/carcare/vendor/laravel/framework/src/Illuminate/Routing/Route.php(211): Illuminate\\Routing\\Route->runController()
#5 /home/u391893744/domains/gitcsdemoserver.online/public_html/carcare/vendor/laravel/framework/src/Illuminate/Routing/Router.php(808): Illuminate\\Routing\\Route->run()
#6 /home/u391893744/domains/gitcsdemoserver.online/public_html/carcare/vendor/laravel/framework/src/Illuminate/Pipeline/Pipeline.php(169): Illuminate\\Routing\\Router->Illuminate\\Routing\\{closure}()
#7 /home/u391893744/domains/gitcsdemoserver.online/public_html/carcare/vendor/laravel/framework/src/Illuminate/Routing/Middleware/SubstituteBindings.php(50): Illuminate\\Pipeline\\Pipeline->Illuminate\\Pipeline\\{closure}()
#8 /home/u391893744/domains/gitcsdemoserver.online/public_html/carcare/vendor/laravel/framework/src/Illuminate/Pipeline/Pipeline.php(208): Illuminate\\Routing\\Middleware\\SubstituteBindings->handle()
#9 /home/u391893744/domains/gitcsdemoserver.online/public_html/carcare/vendor/laravel/framework/src/Illuminate/Auth/Middleware/Authenticate.php(63): Illuminate\\Pipeline\\Pipeline->Illuminate\\Pipeline\\{closure}()
#10 /home/u391893744/domains/gitcsdemoserver.online/public_html/carcare/vendor/laravel/framework/src/Illuminate/Pipeline/Pipeline.php(208): Illuminate\\Auth\\Middleware\\Authenticate->handle()
#11 /home/u391893744/domains/gitcsdemoserver.online/public_html/carcare/vendor/laravel/sanctum/src/Http/Middleware/EnsureFrontendRequestsAreStateful.php(26): Illuminate\\Pipeline\\Pipeline->Illuminate\\Pipeline\\{closure}()
#12 /home/u391893744/domains/gitcsdemoserver.online/public_html/carcare/vendor/laravel/framework/src/Illuminate/Pipeline/Pipeline.php(169): Laravel\\Sanctum\\Http\\Middleware\\EnsureFrontendRequestsAreStateful->Laravel\\Sanctum\\Http\\Middleware\\{closure}()
#13 /home/u391893744/domains/gitcsdemoserver.online/public_html/carcare/vendor/laravel/framework/src/Illuminate/Pipeline/Pipeline.php(126): Illuminate\\Pipeline\\Pipeline->Illuminate\\Pipeline\\{closure}()
#14 /home/u391893744/domains/gitcsdemoserver.online/public_html/carcare/vendor/laravel/sanctum/src/Http/Middleware/EnsureFrontendRequestsAreStateful.php(25): Illuminate\\Pipeline\\Pipeline->then()
#15 /home/u391893744/domains/gitcsdemoserver.online/public_html/carcare/vendor/laravel/framework/src/Illuminate/Pipeline/Pipeline.php(208): Laravel\\Sanctum\\Http\\Middleware\\EnsureFrontendRequestsAreStateful->handle()
#16 /home/u391893744/domains/gitcsdemoserver.online/public_html/carcare/vendor/laravel/framework/src/Illuminate/Pipeline/Pipeline.php(126): Illuminate\\Pipeline\\Pipeline->Illuminate\\Pipeline\\{closure}()
#17 /home/u391893744/domains/gitcsdemoserver.online/public_html/carcare/vendor/laravel/framework/src/Illuminate/Routing/Router.php(807): Illuminate\\Pipeline\\Pipeline->then()
#18 /home/u391893744/domains/gitcsdemoserver.online/public_html/carcare/vendor/laravel/framework/src/Illuminate/Routing/Router.php(786): Illuminate\\Routing\\Router->runRouteWithinStack()
#19 /home/u391893744/domains/gitcsdemoserver.online/public_html/carcare/vendor/laravel/framework/src/Illuminate/Routing/Router.php(750): Illuminate\\Routing\\Router->runRoute()
#20 /home/u391893744/domains/gitcsdemoserver.online/public_html/carcare/vendor/laravel/framework/src/Illuminate/Routing/Router.php(739): Illuminate\\Routing\\Router->dispatchToRoute()
#21 /home/u391893744/domains/gitcsdemoserver.online/public_html/carcare/vendor/laravel/framework/src/Illuminate/Foundation/Http/Kernel.php(200): Illuminate\\Routing\\Router->dispatch()
#22 /home/u391893744/domains/gitcsdemoserver.online/public_html/carcare/vendor/laravel/framework/src/Illuminate/Pipeline/Pipeline.php(169): Illuminate\\Foundation\\Http\\Kernel->Illuminate\\Foundation\\Http\\{closure}()
#23 /home/u391893744/domains/gitcsdemoserver.online/public_html/carcare/app/Http/Middleware/Cors.php(21): Illuminate\\Pipeline\\Pipeline->Illuminate\\Pipeline\\{closure}()
#24 /home/u391893744/domains/gitcsdemoserver.online/public_html/carcare/vendor/laravel/framework/src/Illuminate/Pipeline/Pipeline.php(208): App\\Http\\Middleware\\Cors->handle()
#25 /home/u391893744/domains/gitcsdemoserver.online/public_html/carcare/vendor/laravel/framework/src/Illuminate/Foundation/Http/Middleware/TransformsRequest.php(21): Illuminate\\Pipeline\\Pipeline->Illuminate\\Pipeline\\{closure}()
#26 /home/u391893744/domains/gitcsdemoserver.online/public_html/carcare/vendor/laravel/framework/src/Illuminate/Foundation/Http/Middleware/ConvertEmptyStringsToNull.php(31): Illuminate\\Foundation\\Http\\Middleware\\TransformsRequest->handle()
#27 /home/u391893744/domains/gitcsdemoserver.online/public_html/carcare/vendor/laravel/framework/src/Illuminate/Pipeline/Pipeline.php(208): Illuminate\\Foundation\\Http\\Middleware\\ConvertEmptyStringsToNull->handle()
#28 /home/u391893744/domains/gitcsdemoserver.online/public_html/carcare/vendor/laravel/framework/src/Illuminate/Foundation/Http/Middleware/TransformsRequest.php(21): Illuminate\\Pipeline\\Pipeline->Illuminate\\Pipeline\\{closure}()
#29 /home/u391893744/domains/gitcsdemoserver.online/public_html/carcare/vendor/laravel/framework/src/Illuminate/Foundation/Http/Middleware/TrimStrings.php(51): Illuminate\\Foundation\\Http\\Middleware\\TransformsRequest->handle()
#30 /home/u391893744/domains/gitcsdemoserver.online/public_html/carcare/vendor/laravel/framework/src/Illuminate/Pipeline/Pipeline.php(208): Illuminate\\Foundation\\Http\\Middleware\\TrimStrings->handle()
#31 /home/u391893744/domains/gitcsdemoserver.online/public_html/carcare/vendor/laravel/framework/src/Illuminate/Http/Middleware/ValidatePostSize.php(27): Illuminate\\Pipeline\\Pipeline->Illuminate\\Pipeline\\{closure}()
#32 /home/u391893744/domains/gitcsdemoserver.online/public_html/carcare/vendor/laravel/framework/src/Illuminate/Pipeline/Pipeline.php(208): Illuminate\\Http\\Middleware\\ValidatePostSize->handle()
#33 /home/u391893744/domains/gitcsdemoserver.online/public_html/carcare/vendor/laravel/framework/src/Illuminate/Foundation/Http/Middleware/PreventRequestsDuringMaintenance.php(109): Illuminate\\Pipeline\\Pipeline->Illuminate\\Pipeline\\{closure}()
#34 /home/u391893744/domains/gitcsdemoserver.online/public_html/carcare/vendor/laravel/framework/src/Illuminate/Pipeline/Pipeline.php(208): Illuminate\\Foundation\\Http\\Middleware\\PreventRequestsDuringMaintenance->handle()
#35 /home/u391893744/domains/gitcsdemoserver.online/public_html/carcare/vendor/laravel/framework/src/Illuminate/Http/Middleware/HandleCors.php(61): Illuminate\\Pipeline\\Pipeline->Illuminate\\Pipeline\\{closure}()
#36 /home/u391893744/domains/gitcsdemoserver.online/public_html/carcare/vendor/laravel/framework/src/Illuminate/Pipeline/Pipeline.php(208): Illuminate\\Http\\Middleware\\HandleCors->handle()
#37 /home/u391893744/domains/gitcsdemoserver.online/public_html/carcare/vendor/laravel/framework/src/Illuminate/Http/Middleware/TrustProxies.php(58): Illuminate\\Pipeline\\Pipeline->Illuminate\\Pipeline\\{closure}()
#38 /home/u391893744/domains/gitcsdemoserver.online/public_html/carcare/vendor/laravel/framework/src/Illuminate/Pipeline/Pipeline.php(208): Illuminate\\Http\\Middleware\\TrustProxies->handle()
#39 /home/u391893744/domains/gitcsdemoserver.online/public_html/carcare/vendor/laravel/framework/src/Illuminate/Foundation/Http/Middleware/InvokeDeferredCallbacks.php(22): Illuminate\\Pipeline\\Pipeline->Illuminate\\Pipeline\\{closure}()
#40 /home/u391893744/domains/gitcsdemoserver.online/public_html/carcare/vendor/laravel/framework/src/Illuminate/Pipeline/Pipeline.php(208): Illuminate\\Foundation\\Http\\Middleware\\InvokeDeferredCallbacks->handle()
#41 /home/u391893744/domains/gitcsdemoserver.online/public_html/carcare/vendor/laravel/framework/src/Illuminate/Http/Middleware/ValidatePathEncoding.php(26): Illuminate\\Pipeline\\Pipeline->Illuminate\\Pipeline\\{closure}()
#42 /home/u391893744/domains/gitcsdemoserver.online/public_html/carcare/vendor/laravel/framework/src/Illuminate/Pipeline/Pipeline.php(208): Illuminate\\Http\\Middleware\\ValidatePathEncoding->handle()
#43 /home/u391893744/domains/gitcsdemoserver.online/public_html/carcare/vendor/laravel/framework/src/Illuminate/Pipeline/Pipeline.php(126): Illuminate\\Pipeline\\Pipeline->Illuminate\\Pipeline\\{closure}()
#44 /home/u391893744/domains/gitcsdemoserver.online/public_html/carcare/vendor/laravel/framework/src/Illuminate/Foundation/Http/Kernel.php(175): Illuminate\\Pipeline\\Pipeline->then()
#45 /home/u391893744/domains/gitcsdemoserver.online/public_html/carcare/vendor/laravel/framework/src/Illuminate/Foundation/Http/Kernel.php(144): Illuminate\\Foundation\\Http\\Kernel->sendRequestThroughRouter()
#46 /home/u391893744/domains/gitcsdemoserver.online/public_html/carcare/vendor/laravel/framework/src/Illuminate/Foundation/Application.php(1219): Illuminate\\Foundation\\Http\\Kernel->handle()
#47 /home/u391893744/domains/gitcsdemoserver.online/public_html/carcare/public/index.php(20): Illuminate\\Foundation\\Application->handleRequest()
#48 {main}
"} 
[2025-12-12 06:13:17] local.INFO: Shiprocket Order Payload: {"order_id":"ORD-693BB208BE285","order_date":"2025-12-12 06:13:17","pickup_location":"work","billing_customer_name":"New user","billing_last_name":"","billing_address":"Test address","billing_city":"Bads","billing_state":"assa","billing_pincode":"122342","billing_country":"IN","billing_email":"newuser@gmail.com","billing_phone":"9909","shipping_is_billing":true,"order_items":[{"name":"Test product 2","sku":"123213","units":1,"selling_price":"111.00"}],"payment_method":"Prepaid","sub_total":"111.00","length":10,"breadth":10,"height":10,"weight":0.4}  
[2025-12-12 06:13:17] local.INFO: Shiprocket Order Response: {"message":"Oops! Invalid Data.","errors":{"billing_phone":["The billing phone must be 10 digits."]},"status_code":422}  
[2025-12-12 06:13:17] local.ERROR: Shiprocket DID NOT return order_id  
[2025-12-12 06:20:40] local.INFO: Shiprocket Order Payload: {"order_id":"ORD-693BB3D39F729","order_date":"2025-12-12 06:20:40","pickup_location":"work","billing_customer_name":"New user","billing_last_name":"","billing_address":"Test address","billing_city":"Bads","billing_state":"assa","billing_pincode":"122342","billing_country":"IN","billing_email":"newuser@gmail.com","billing_phone":"098989","shipping_is_billing":true,"order_items":[{"name":"Test product 2","sku":"123213","units":1,"selling_price":"111.00"}],"payment_method":"Prepaid","sub_total":"111.00","length":10,"breadth":10,"height":10,"weight":0.4}  
[2025-12-12 06:20:40] local.INFO: Shiprocket Order Response: {"message":"Oops! Invalid Data.","errors":{"billing_phone":["The billing phone must be 10 digits."]},"status_code":422}  
[2025-12-12 06:20:40] local.ERROR: Shiprocket DID NOT return order_id  
[2025-12-12 06:29:14] local.INFO: Shiprocket Order Payload: {"order_id":"ORD-693BB61B57354","order_date":"2025-12-12 06:29:14","pickup_location":"work","billing_customer_name":"New user","billing_last_name":"","billing_address":"Test address","billing_city":"Bads","billing_state":"assa","billing_pincode":"122342","billing_country":"IN","billing_email":"newuser@gmail.com","billing_phone":"098989","shipping_is_billing":true,"order_items":[{"name":"Test product 2","sku":"123213","units":1,"selling_price":"111.00"}],"payment_method":"Prepaid","sub_total":"111.00","length":10,"breadth":10,"height":10,"weight":0.4}  
[2025-12-12 06:29:14] local.INFO: Shiprocket Order Response: {"message":"Oops! Invalid Data.","errors":{"billing_phone":["The billing phone must be 10 digits."]},"status_code":422}  
[2025-12-12 06:29:14] local.ERROR: Shiprocket DID NOT return order_id  
[2025-12-12 06:40:07] local.INFO: Shiprocket Order Payload: {"order_id":"ORD-693BB770621E9","order_date":"2025-12-12 06:40:07","pickup_location":"work","billing_customer_name":"New user","billing_last_name":"","billing_address":"Test address","billing_city":"Bads","billing_state":"assa","billing_pincode":"122342","billing_country":"IN","billing_email":"newuser@gmail.com","billing_phone":"8768767","shipping_is_billing":true,"order_items":[{"name":"Test product 2","sku":"123213","units":1,"selling_price":"111.00"}],"payment_method":"Prepaid","sub_total":"111.00","length":10,"breadth":10,"height":10,"weight":0.4}  
[2025-12-12 06:40:07] local.INFO: Shiprocket Order Response: {"message":"Oops! Invalid Data.","errors":{"billing_phone":["The billing phone must be 10 digits."]},"status_code":422}  
[2025-12-12 06:40:07] local.ERROR: Shiprocket DID NOT return order_id  
[2025-12-12 06:44:15] local.INFO: Shiprocket Order Payload: {"order_id":"ORD-693BB99942BBC","order_date":"2025-12-12 06:44:15","pickup_location":"work","billing_customer_name":"New user","billing_last_name":"","billing_address":"Test address","billing_city":"Bads","billing_state":"assa","billing_pincode":"122342","billing_country":"IN","billing_email":"newuser@gmail.com","billing_phone":"8768767","shipping_is_billing":true,"order_items":[{"name":"Test product 2","sku":"123213","units":1,"selling_price":"111.00"}],"payment_method":"Prepaid","sub_total":"111.00","length":10,"breadth":10,"height":10,"weight":0.4}  
[2025-12-12 06:44:15] local.INFO: Shiprocket Order Response: {"message":"Oops! Invalid Data.","errors":{"billing_phone":["The billing phone must be 10 digits."]},"status_code":422}  
[2025-12-12 06:44:15] local.ERROR: Shiprocket DID NOT return order_id  
[2025-12-12 07:02:26] local.INFO: Shiprocket Order Payload: {"order_id":"ORD-693BBDD195324","order_date":"2025-12-12 07:02:26","pickup_location":"work","billing_customer_name":"New user","billing_last_name":"","billing_address":"Test address","billing_city":"Bads","billing_state":"assa","billing_pincode":"122342","billing_country":"IN","billing_email":"newuser@gmail.com","billing_phone":"6576576","shipping_is_billing":true,"order_items":[{"name":"Test product 2","sku":"123213","units":1,"selling_price":"111.00"}],"payment_method":"Prepaid","sub_total":"111.00","length":10,"breadth":10,"height":10,"weight":0.4}  
[2025-12-12 07:02:26] local.INFO: Shiprocket Order Response: {"message":"Oops! Invalid Data.","errors":{"billing_phone":["The billing phone must be 10 digits."]},"status_code":422}  
[2025-12-12 07:02:26] local.ERROR: Shiprocket DID NOT return order_id  
[2025-12-12 07:22:28] local.INFO: Shiprocket Order Payload: {"order_id":"ORD-693BC28B4C4C5","order_date":"2025-12-12 07:22:28","pickup_location":"work","billing_customer_name":"New user","billing_last_name":"","billing_address":"Test address","billing_city":"Bads","billing_state":"assa","billing_pincode":"122342","billing_country":"IN","billing_email":"newuser@gmail.com","billing_phone":"234234234","shipping_is_billing":true,"order_items":[{"name":"Test product 2","sku":"123213","units":1,"selling_price":"111.00"}],"payment_method":"Prepaid","sub_total":"111.00","length":10,"breadth":10,"height":10,"weight":0.4}  
[2025-12-12 07:22:28] local.INFO: Shiprocket Order Response: {"message":"Oops! Invalid Data.","errors":{"billing_phone":["The billing phone must be 10 digits."]},"status_code":422}  
[2025-12-12 07:22:28] local.ERROR: Shiprocket DID NOT return order_id  
[2025-12-12 08:39:43] local.INFO: Shiprocket Order Payload: {"order_id":"ORD-693BD4AD7A8B7","order_date":"2025-12-12 08:39:43","pickup_location":"work","billing_customer_name":"New user","billing_last_name":"","billing_address":"Test address","billing_city":"Bads","billing_state":"assa","billing_pincode":"122342","billing_country":"IN","billing_email":"newuser@gmail.com","billing_phone":"1234567890","shipping_is_billing":true,"order_items":[{"name":"Interior Cleaner All-Purpose","sku":"IC-003","units":1,"selling_price":"19.99"}],"payment_method":"Prepaid","sub_total":"19.99","length":10,"breadth":10,"height":10,"weight":0.4}  
[2025-12-12 08:39:43] local.INFO: Shiprocket Order Response: {"order_id":1080532433,"channel_order_id":"ORD-693BD4AD7A8B7","shipment_id":1076905849,"status":"NEW","status_code":1,"onboarding_completed_now":0,"awb_code":"","courier_company_id":"","courier_name":"","new_channel":false,"packaging_box_error":""}  
[2025-12-12 09:01:46] local.INFO: Shiprocket Order Payload: {"order_id":"ORD-693BD9DC43020","order_date":"2025-12-12 09:01:46","pickup_location":"work","billing_customer_name":"New user","billing_last_name":"","billing_address":"Test address line 1","billing_city":"Yakoi","billing_state":"Owla","billing_pincode":"5323","billing_country":"Japan","billing_email":"newuser@gmail.com","billing_phone":"new order","shipping_is_billing":true,"order_items":[{"name":"Test product 2","sku":"123213","units":1,"selling_price":"111.00"}],"payment_method":"Prepaid","sub_total":"111.00","length":10,"breadth":10,"height":10,"weight":0.4}  
[2025-12-12 09:01:46] local.INFO: Shiprocket Order Response: {"message":"Oops! Invalid Data.","errors":{"billing_phone":["The billing phone must be a number."]},"status_code":422}  
[2025-12-12 09:01:46] local.ERROR: Shiprocket DID NOT return order_id  
[2025-12-12 09:06:37] local.INFO: Shiprocket Order Payload: {"order_id":"ORD-693BDAE8D31F8","order_date":"2025-12-12 09:06:37","pickup_location":"work","billing_customer_name":"new","billing_last_name":"","billing_address":"101, Demo Street","billing_city":"Guwahati","billing_state":"Assam","billing_pincode":"781035","billing_country":"India","billing_email":"newuser@gmail.com","billing_phone":"8877887788","shipping_is_billing":true,"order_items":[{"name":"Premium Car Wash Kit test","sku":"CWK-001","units":1,"selling_price":"89.99"}],"payment_method":"Prepaid","sub_total":"89.99","length":10,"breadth":10,"height":10,"weight":0.4}  
[2025-12-12 09:06:37] local.INFO: Shiprocket Order Response: {"order_id":1080571805,"channel_order_id":"ORD-693BDAE8D31F8","shipment_id":1076945201,"status":"NEW","status_code":1,"onboarding_completed_now":0,"awb_code":"","courier_company_id":"","courier_name":"","new_channel":false,"packaging_box_error":""}  
[2025-12-12 09:09:14] local.ERROR: Property [id] does not exist on the Eloquent builder instance. {"userId":5,"exception":"[object] (Exception(code: 0): Property [id] does not exist on the Eloquent builder instance. at /home/u391893744/domains/gitcsdemoserver.online/public_html/carcare/vendor/laravel/framework/src/Illuminate/Database/Eloquent/Builder.php:2166)
[stacktrace]
#0 /home/u391893744/domains/gitcsdemoserver.online/public_html/carcare/app/Http/Controllers/Api/OrderController.php(112): Illuminate\\Database\\Eloquent\\Builder->__get()
#1 /home/u391893744/domains/gitcsdemoserver.online/public_html/carcare/app/Http/Controllers/Api/OrderController.php(58): App\\Http\\Controllers\\Api\\OrderController->transformOrder()
#2 /home/u391893744/domains/gitcsdemoserver.online/public_html/carcare/vendor/laravel/framework/src/Illuminate/Routing/ControllerDispatcher.php(46): App\\Http\\Controllers\\Api\\OrderController->show()
#3 /home/u391893744/domains/gitcsdemoserver.online/public_html/carcare/vendor/laravel/framework/src/Illuminate/Routing/Route.php(265): Illuminate\\Routing\\ControllerDispatcher->dispatch()
#4 /home/u391893744/domains/gitcsdemoserver.online/public_html/carcare/vendor/laravel/framework/src/Illuminate/Routing/Route.php(211): Illuminate\\Routing\\Route->runController()
#5 /home/u391893744/domains/gitcsdemoserver.online/public_html/carcare/vendor/laravel/framework/src/Illuminate/Routing/Router.php(808): Illuminate\\Routing\\Route->run()
#6 /home/u391893744/domains/gitcsdemoserver.online/public_html/carcare/vendor/laravel/framework/src/Illuminate/Pipeline/Pipeline.php(169): Illuminate\\Routing\\Router->Illuminate\\Routing\\{closure}()
#7 /home/u391893744/domains/gitcsdemoserver.online/public_html/carcare/vendor/laravel/framework/src/Illuminate/Routing/Middleware/SubstituteBindings.php(50): Illuminate\\Pipeline\\Pipeline->Illuminate\\Pipeline\\{closure}()
#8 /home/u391893744/domains/gitcsdemoserver.online/public_html/carcare/vendor/laravel/framework/src/Illuminate/Pipeline/Pipeline.php(208): Illuminate\\Routing\\Middleware\\SubstituteBindings->handle()
#9 /home/u391893744/domains/gitcsdemoserver.online/public_html/carcare/vendor/laravel/framework/src/Illuminate/Auth/Middleware/Authenticate.php(63): Illuminate\\Pipeline\\Pipeline->Illuminate\\Pipeline\\{closure}()
#10 /home/u391893744/domains/gitcsdemoserver.online/public_html/carcare/vendor/laravel/framework/src/Illuminate/Pipeline/Pipeline.php(208): Illuminate\\Auth\\Middleware\\Authenticate->handle()
#11 /home/u391893744/domains/gitcsdemoserver.online/public_html/carcare/vendor/laravel/sanctum/src/Http/Middleware/EnsureFrontendRequestsAreStateful.php(26): Illuminate\\Pipeline\\Pipeline->Illuminate\\Pipeline\\{closure}()
#12 /home/u391893744/domains/gitcsdemoserver.online/public_html/carcare/vendor/laravel/framework/src/Illuminate/Pipeline/Pipeline.php(169): Laravel\\Sanctum\\Http\\Middleware\\EnsureFrontendRequestsAreStateful->Laravel\\Sanctum\\Http\\Middleware\\{closure}()
#13 /home/u391893744/domains/gitcsdemoserver.online/public_html/carcare/vendor/laravel/framework/src/Illuminate/Pipeline/Pipeline.php(126): Illuminate\\Pipeline\\Pipeline->Illuminate\\Pipeline\\{closure}()
#14 /home/u391893744/domains/gitcsdemoserver.online/public_html/carcare/vendor/laravel/sanctum/src/Http/Middleware/EnsureFrontendRequestsAreStateful.php(25): Illuminate\\Pipeline\\Pipeline->then()
#15 /home/u391893744/domains/gitcsdemoserver.online/public_html/carcare/vendor/laravel/framework/src/Illuminate/Pipeline/Pipeline.php(208): Laravel\\Sanctum\\Http\\Middleware\\EnsureFrontendRequestsAreStateful->handle()
#16 /home/u391893744/domains/gitcsdemoserver.online/public_html/carcare/vendor/laravel/framework/src/Illuminate/Pipeline/Pipeline.php(126): Illuminate\\Pipeline\\Pipeline->Illuminate\\Pipeline\\{closure}()
#17 /home/u391893744/domains/gitcsdemoserver.online/public_html/carcare/vendor/laravel/framework/src/Illuminate/Routing/Router.php(807): Illuminate\\Pipeline\\Pipeline->then()
#18 /home/u391893744/domains/gitcsdemoserver.online/public_html/carcare/vendor/laravel/framework/src/Illuminate/Routing/Router.php(786): Illuminate\\Routing\\Router->runRouteWithinStack()
#19 /home/u391893744/domains/gitcsdemoserver.online/public_html/carcare/vendor/laravel/framework/src/Illuminate/Routing/Router.php(750): Illuminate\\Routing\\Router->runRoute()
#20 /home/u391893744/domains/gitcsdemoserver.online/public_html/carcare/vendor/laravel/framework/src/Illuminate/Routing/Router.php(739): Illuminate\\Routing\\Router->dispatchToRoute()
#21 /home/u391893744/domains/gitcsdemoserver.online/public_html/carcare/vendor/laravel/framework/src/Illuminate/Foundation/Http/Kernel.php(200): Illuminate\\Routing\\Router->dispatch()
#22 /home/u391893744/domains/gitcsdemoserver.online/public_html/carcare/vendor/laravel/framework/src/Illuminate/Pipeline/Pipeline.php(169): Illuminate\\Foundation\\Http\\Kernel->Illuminate\\Foundation\\Http\\{closure}()
#23 /home/u391893744/domains/gitcsdemoserver.online/public_html/carcare/app/Http/Middleware/Cors.php(21): Illuminate\\Pipeline\\Pipeline->Illuminate\\Pipeline\\{closure}()
#24 /home/u391893744/domains/gitcsdemoserver.online/public_html/carcare/vendor/laravel/framework/src/Illuminate/Pipeline/Pipeline.php(208): App\\Http\\Middleware\\Cors->handle()
#25 /home/u391893744/domains/gitcsdemoserver.online/public_html/carcare/vendor/laravel/framework/src/Illuminate/Foundation/Http/Middleware/TransformsRequest.php(21): Illuminate\\Pipeline\\Pipeline->Illuminate\\Pipeline\\{closure}()
#26 /home/u391893744/domains/gitcsdemoserver.online/public_html/carcare/vendor/laravel/framework/src/Illuminate/Foundation/Http/Middleware/ConvertEmptyStringsToNull.php(31): Illuminate\\Foundation\\Http\\Middleware\\TransformsRequest->handle()
#27 /home/u391893744/domains/gitcsdemoserver.online/public_html/carcare/vendor/laravel/framework/src/Illuminate/Pipeline/Pipeline.php(208): Illuminate\\Foundation\\Http\\Middleware\\ConvertEmptyStringsToNull->handle()
#28 /home/u391893744/domains/gitcsdemoserver.online/public_html/carcare/vendor/laravel/framework/src/Illuminate/Foundation/Http/Middleware/TransformsRequest.php(21): Illuminate\\Pipeline\\Pipeline->Illuminate\\Pipeline\\{closure}()
#29 /home/u391893744/domains/gitcsdemoserver.online/public_html/carcare/vendor/laravel/framework/src/Illuminate/Foundation/Http/Middleware/TrimStrings.php(51): Illuminate\\Foundation\\Http\\Middleware\\TransformsRequest->handle()
#30 /home/u391893744/domains/gitcsdemoserver.online/public_html/carcare/vendor/laravel/framework/src/Illuminate/Pipeline/Pipeline.php(208): Illuminate\\Foundation\\Http\\Middleware\\TrimStrings->handle()
#31 /home/u391893744/domains/gitcsdemoserver.online/public_html/carcare/vendor/laravel/framework/src/Illuminate/Http/Middleware/ValidatePostSize.php(27): Illuminate\\Pipeline\\Pipeline->Illuminate\\Pipeline\\{closure}()
#32 /home/u391893744/domains/gitcsdemoserver.online/public_html/carcare/vendor/laravel/framework/src/Illuminate/Pipeline/Pipeline.php(208): Illuminate\\Http\\Middleware\\ValidatePostSize->handle()
#33 /home/u391893744/domains/gitcsdemoserver.online/public_html/carcare/vendor/laravel/framework/src/Illuminate/Foundation/Http/Middleware/PreventRequestsDuringMaintenance.php(109): Illuminate\\Pipeline\\Pipeline->Illuminate\\Pipeline\\{closure}()
#34 /home/u391893744/domains/gitcsdemoserver.online/public_html/carcare/vendor/laravel/framework/src/Illuminate/Pipeline/Pipeline.php(208): Illuminate\\Foundation\\Http\\Middleware\\PreventRequestsDuringMaintenance->handle()
#35 /home/u391893744/domains/gitcsdemoserver.online/public_html/carcare/vendor/laravel/framework/src/Illuminate/Http/Middleware/HandleCors.php(61): Illuminate\\Pipeline\\Pipeline->Illuminate\\Pipeline\\{closure}()
#36 /home/u391893744/domains/gitcsdemoserver.online/public_html/carcare/vendor/laravel/framework/src/Illuminate/Pipeline/Pipeline.php(208): Illuminate\\Http\\Middleware\\HandleCors->handle()
#37 /home/u391893744/domains/gitcsdemoserver.online/public_html/carcare/vendor/laravel/framework/src/Illuminate/Http/Middleware/TrustProxies.php(58): Illuminate\\Pipeline\\Pipeline->Illuminate\\Pipeline\\{closure}()
#38 /home/u391893744/domains/gitcsdemoserver.online/public_html/carcare/vendor/laravel/framework/src/Illuminate/Pipeline/Pipeline.php(208): Illuminate\\Http\\Middleware\\TrustProxies->handle()
#39 /home/u391893744/domains/gitcsdemoserver.online/public_html/carcare/vendor/laravel/framework/src/Illuminate/Foundation/Http/Middleware/InvokeDeferredCallbacks.php(22): Illuminate\\Pipeline\\Pipeline->Illuminate\\Pipeline\\{closure}()
#40 /home/u391893744/domains/gitcsdemoserver.online/public_html/carcare/vendor/laravel/framework/src/Illuminate/Pipeline/Pipeline.php(208): Illuminate\\Foundation\\Http\\Middleware\\InvokeDeferredCallbacks->handle()
#41 /home/u391893744/domains/gitcsdemoserver.online/public_html/carcare/vendor/laravel/framework/src/Illuminate/Http/Middleware/ValidatePathEncoding.php(26): Illuminate\\Pipeline\\Pipeline->Illuminate\\Pipeline\\{closure}()
#42 /home/u391893744/domains/gitcsdemoserver.online/public_html/carcare/vendor/laravel/framework/src/Illuminate/Pipeline/Pipeline.php(208): Illuminate\\Http\\Middleware\\ValidatePathEncoding->handle()
#43 /home/u391893744/domains/gitcsdemoserver.online/public_html/carcare/vendor/laravel/framework/src/Illuminate/Pipeline/Pipeline.php(126): Illuminate\\Pipeline\\Pipeline->Illuminate\\Pipeline\\{closure}()
#44 /home/u391893744/domains/gitcsdemoserver.online/public_html/carcare/vendor/laravel/framework/src/Illuminate/Foundation/Http/Kernel.php(175): Illuminate\\Pipeline\\Pipeline->then()
#45 /home/u391893744/domains/gitcsdemoserver.online/public_html/carcare/vendor/laravel/framework/src/Illuminate/Foundation/Http/Kernel.php(144): Illuminate\\Foundation\\Http\\Kernel->sendRequestThroughRouter()
#46 /home/u391893744/domains/gitcsdemoserver.online/public_html/carcare/vendor/laravel/framework/src/Illuminate/Foundation/Application.php(1219): Illuminate\\Foundation\\Http\\Kernel->handle()
#47 /home/u391893744/domains/gitcsdemoserver.online/public_html/carcare/public/index.php(20): Illuminate\\Foundation\\Application->handleRequest()
#48 {main}
"} 
[2025-12-12 09:10:09] local.ERROR: Property [id] does not exist on this collection instance. {"userId":5,"exception":"[object] (Exception(code: 0): Property [id] does not exist on this collection instance. at /home/u391893744/domains/gitcsdemoserver.online/public_html/carcare/vendor/laravel/framework/src/Illuminate/Collections/Traits/EnumeratesValues.php:1045)
[stacktrace]
#0 /home/u391893744/domains/gitcsdemoserver.online/public_html/carcare/app/Http/Controllers/Api/OrderController.php(113): Illuminate\\Support\\Collection->__get()
#1 /home/u391893744/domains/gitcsdemoserver.online/public_html/carcare/app/Http/Controllers/Api/OrderController.php(59): App\\Http\\Controllers\\Api\\OrderController->transformOrder()
#2 /home/u391893744/domains/gitcsdemoserver.online/public_html/carcare/vendor/laravel/framework/src/Illuminate/Routing/ControllerDispatcher.php(46): App\\Http\\Controllers\\Api\\OrderController->show()
#3 /home/u391893744/domains/gitcsdemoserver.online/public_html/carcare/vendor/laravel/framework/src/Illuminate/Routing/Route.php(265): Illuminate\\Routing\\ControllerDispatcher->dispatch()
#4 /home/u391893744/domains/gitcsdemoserver.online/public_html/carcare/vendor/laravel/framework/src/Illuminate/Routing/Route.php(211): Illuminate\\Routing\\Route->runController()
#5 /home/u391893744/domains/gitcsdemoserver.online/public_html/carcare/vendor/laravel/framework/src/Illuminate/Routing/Router.php(808): Illuminate\\Routing\\Route->run()
#6 /home/u391893744/domains/gitcsdemoserver.online/public_html/carcare/vendor/laravel/framework/src/Illuminate/Pipeline/Pipeline.php(169): Illuminate\\Routing\\Router->Illuminate\\Routing\\{closure}()
#7 /home/u391893744/domains/gitcsdemoserver.online/public_html/carcare/vendor/laravel/framework/src/Illuminate/Routing/Middleware/SubstituteBindings.php(50): Illuminate\\Pipeline\\Pipeline->Illuminate\\Pipeline\\{closure}()
#8 /home/u391893744/domains/gitcsdemoserver.online/public_html/carcare/vendor/laravel/framework/src/Illuminate/Pipeline/Pipeline.php(208): Illuminate\\Routing\\Middleware\\SubstituteBindings->handle()
#9 /home/u391893744/domains/gitcsdemoserver.online/public_html/carcare/vendor/laravel/framework/src/Illuminate/Auth/Middleware/Authenticate.php(63): Illuminate\\Pipeline\\Pipeline->Illuminate\\Pipeline\\{closure}()
#10 /home/u391893744/domains/gitcsdemoserver.online/public_html/carcare/vendor/laravel/framework/src/Illuminate/Pipeline/Pipeline.php(208): Illuminate\\Auth\\Middleware\\Authenticate->handle()
#11 /home/u391893744/domains/gitcsdemoserver.online/public_html/carcare/vendor/laravel/sanctum/src/Http/Middleware/EnsureFrontendRequestsAreStateful.php(26): Illuminate\\Pipeline\\Pipeline->Illuminate\\Pipeline\\{closure}()
#12 /home/u391893744/domains/gitcsdemoserver.online/public_html/carcare/vendor/laravel/framework/src/Illuminate/Pipeline/Pipeline.php(169): Laravel\\Sanctum\\Http\\Middleware\\EnsureFrontendRequestsAreStateful->Laravel\\Sanctum\\Http\\Middleware\\{closure}()
#13 /home/u391893744/domains/gitcsdemoserver.online/public_html/carcare/vendor/laravel/framework/src/Illuminate/Pipeline/Pipeline.php(126): Illuminate\\Pipeline\\Pipeline->Illuminate\\Pipeline\\{closure}()
#14 /home/u391893744/domains/gitcsdemoserver.online/public_html/carcare/vendor/laravel/sanctum/src/Http/Middleware/EnsureFrontendRequestsAreStateful.php(25): Illuminate\\Pipeline\\Pipeline->then()
#15 /home/u391893744/domains/gitcsdemoserver.online/public_html/carcare/vendor/laravel/framework/src/Illuminate/Pipeline/Pipeline.php(208): Laravel\\Sanctum\\Http\\Middleware\\EnsureFrontendRequestsAreStateful->handle()
#16 /home/u391893744/domains/gitcsdemoserver.online/public_html/carcare/vendor/laravel/framework/src/Illuminate/Pipeline/Pipeline.php(126): Illuminate\\Pipeline\\Pipeline->Illuminate\\Pipeline\\{closure}()
#17 /home/u391893744/domains/gitcsdemoserver.online/public_html/carcare/vendor/laravel/framework/src/Illuminate/Routing/Router.php(807): Illuminate\\Pipeline\\Pipeline->then()
#18 /home/u391893744/domains/gitcsdemoserver.online/public_html/carcare/vendor/laravel/framework/src/Illuminate/Routing/Router.php(786): Illuminate\\Routing\\Router->runRouteWithinStack()
#19 /home/u391893744/domains/gitcsdemoserver.online/public_html/carcare/vendor/laravel/framework/src/Illuminate/Routing/Router.php(750): Illuminate\\Routing\\Router->runRoute()
#20 /home/u391893744/domains/gitcsdemoserver.online/public_html/carcare/vendor/laravel/framework/src/Illuminate/Routing/Router.php(739): Illuminate\\Routing\\Router->dispatchToRoute()
#21 /home/u391893744/domains/gitcsdemoserver.online/public_html/carcare/vendor/laravel/framework/src/Illuminate/Foundation/Http/Kernel.php(200): Illuminate\\Routing\\Router->dispatch()
#22 /home/u391893744/domains/gitcsdemoserver.online/public_html/carcare/vendor/laravel/framework/src/Illuminate/Pipeline/Pipeline.php(169): Illuminate\\Foundation\\Http\\Kernel->Illuminate\\Foundation\\Http\\{closure}()
#23 /home/u391893744/domains/gitcsdemoserver.online/public_html/carcare/app/Http/Middleware/Cors.php(21): Illuminate\\Pipeline\\Pipeline->Illuminate\\Pipeline\\{closure}()
#24 /home/u391893744/domains/gitcsdemoserver.online/public_html/carcare/vendor/laravel/framework/src/Illuminate/Pipeline/Pipeline.php(208): App\\Http\\Middleware\\Cors->handle()
#25 /home/u391893744/domains/gitcsdemoserver.online/public_html/carcare/vendor/laravel/framework/src/Illuminate/Foundation/Http/Middleware/TransformsRequest.php(21): Illuminate\\Pipeline\\Pipeline->Illuminate\\Pipeline\\{closure}()
#26 /home/u391893744/domains/gitcsdemoserver.online/public_html/carcare/vendor/laravel/framework/src/Illuminate/Foundation/Http/Middleware/ConvertEmptyStringsToNull.php(31): Illuminate\\Foundation\\Http\\Middleware\\TransformsRequest->handle()
#27 /home/u391893744/domains/gitcsdemoserver.online/public_html/carcare/vendor/laravel/framework/src/Illuminate/Pipeline/Pipeline.php(208): Illuminate\\Foundation\\Http\\Middleware\\ConvertEmptyStringsToNull->handle()
#28 /home/u391893744/domains/gitcsdemoserver.online/public_html/carcare/vendor/laravel/framework/src/Illuminate/Foundation/Http/Middleware/TransformsRequest.php(21): Illuminate\\Pipeline\\Pipeline->Illuminate\\Pipeline\\{closure}()
#29 /home/u391893744/domains/gitcsdemoserver.online/public_html/carcare/vendor/laravel/framework/src/Illuminate/Foundation/Http/Middleware/TrimStrings.php(51): Illuminate\\Foundation\\Http\\Middleware\\TransformsRequest->handle()
#30 /home/u391893744/domains/gitcsdemoserver.online/public_html/carcare/vendor/laravel/framework/src/Illuminate/Pipeline/Pipeline.php(208): Illuminate\\Foundation\\Http\\Middleware\\TrimStrings->handle()
#31 /home/u391893744/domains/gitcsdemoserver.online/public_html/carcare/vendor/laravel/framework/src/Illuminate/Http/Middleware/ValidatePostSize.php(27): Illuminate\\Pipeline\\Pipeline->Illuminate\\Pipeline\\{closure}()
#32 /home/u391893744/domains/gitcsdemoserver.online/public_html/carcare/vendor/laravel/framework/src/Illuminate/Pipeline/Pipeline.php(208): Illuminate\\Http\\Middleware\\ValidatePostSize->handle()
#33 /home/u391893744/domains/gitcsdemoserver.online/public_html/carcare/vendor/laravel/framework/src/Illuminate/Foundation/Http/Middleware/PreventRequestsDuringMaintenance.php(109): Illuminate\\Pipeline\\Pipeline->Illuminate\\Pipeline\\{closure}()
#34 /home/u391893744/domains/gitcsdemoserver.online/public_html/carcare/vendor/laravel/framework/src/Illuminate/Pipeline/Pipeline.php(208): Illuminate\\Foundation\\Http\\Middleware\\PreventRequestsDuringMaintenance->handle()
#35 /home/u391893744/domains/gitcsdemoserver.online/public_html/carcare/vendor/laravel/framework/src/Illuminate/Http/Middleware/HandleCors.php(61): Illuminate\\Pipeline\\Pipeline->Illuminate\\Pipeline\\{closure}()
#36 /home/u391893744/domains/gitcsdemoserver.online/public_html/carcare/vendor/laravel/framework/src/Illuminate/Pipeline/Pipeline.php(208): Illuminate\\Http\\Middleware\\HandleCors->handle()
#37 /home/u391893744/domains/gitcsdemoserver.online/public_html/carcare/vendor/laravel/framework/src/Illuminate/Http/Middleware/TrustProxies.php(58): Illuminate\\Pipeline\\Pipeline->Illuminate\\Pipeline\\{closure}()
#38 /home/u391893744/domains/gitcsdemoserver.online/public_html/carcare/vendor/laravel/framework/src/Illuminate/Pipeline/Pipeline.php(208): Illuminate\\Http\\Middleware\\TrustProxies->handle()
#39 /home/u391893744/domains/gitcsdemoserver.online/public_html/carcare/vendor/laravel/framework/src/Illuminate/Foundation/Http/Middleware/InvokeDeferredCallbacks.php(22): Illuminate\\Pipeline\\Pipeline->Illuminate\\Pipeline\\{closure}()
#40 /home/u391893744/domains/gitcsdemoserver.online/public_html/carcare/vendor/laravel/framework/src/Illuminate/Pipeline/Pipeline.php(208): Illuminate\\Foundation\\Http\\Middleware\\InvokeDeferredCallbacks->handle()
#41 /home/u391893744/domains/gitcsdemoserver.online/public_html/carcare/vendor/laravel/framework/src/Illuminate/Http/Middleware/ValidatePathEncoding.php(26): Illuminate\\Pipeline\\Pipeline->Illuminate\\Pipeline\\{closure}()
#42 /home/u391893744/domains/gitcsdemoserver.online/public_html/carcare/vendor/laravel/framework/src/Illuminate/Pipeline/Pipeline.php(208): Illuminate\\Http\\Middleware\\ValidatePathEncoding->handle()
#43 /home/u391893744/domains/gitcsdemoserver.online/public_html/carcare/vendor/laravel/framework/src/Illuminate/Pipeline/Pipeline.php(126): Illuminate\\Pipeline\\Pipeline->Illuminate\\Pipeline\\{closure}()
#44 /home/u391893744/domains/gitcsdemoserver.online/public_html/carcare/vendor/laravel/framework/src/Illuminate/Foundation/Http/Kernel.php(175): Illuminate\\Pipeline\\Pipeline->then()
#45 /home/u391893744/domains/gitcsdemoserver.online/public_html/carcare/vendor/laravel/framework/src/Illuminate/Foundation/Http/Kernel.php(144): Illuminate\\Foundation\\Http\\Kernel->sendRequestThroughRouter()
#46 /home/u391893744/domains/gitcsdemoserver.online/public_html/carcare/vendor/laravel/framework/src/Illuminate/Foundation/Application.php(1219): Illuminate\\Foundation\\Http\\Kernel->handle()
#47 /home/u391893744/domains/gitcsdemoserver.online/public_html/carcare/public/index.php(20): Illuminate\\Foundation\\Application->handleRequest()
#48 {main}
"} 
